#
# A fatal error has been detected by the Java Runtime Environment:
#
#  SIGSEGV (0xb) at pc=0x00007f45276288df, pid=22276, tid=0x00007f44ff61a700
#
# JRE version: Java(TM) SE Runtime Environment (8.0_161-b12) (build 1.8.0_161-b12)
# Java VM: Java HotSpot(TM) 64-Bit Server VM (25.161-b12 mixed mode linux-amd64 compressed oops)
# Problematic frame:
# V  [libjvm.so+0x8f98df]  TypeNode::ideal_reg() const+0xf
#
# Failed to write core dump. Core dumps have been disabled. To enable core dumping, try "ulimit -c unlimited" before starting Java again
#
# If you would like to submit a bug report, please visit:
#   http://bugreport.java.com/bugreport/crash.jsp
#

---------------  T H R E A D  ---------------

Current thread (0x00007f45200bc800):  JavaThread "C2 CompilerThread1" daemon [_thread_in_native, id=22290, stack(0x00007f44ff51b000,0x00007f44ff61b000)]

siginfo: si_signo: 11 (SIGSEGV), si_code: 2 (SEGV_ACCERR), si_addr: 0x00007f44d404eb90

Registers:
RAX=0x00007f44d404eb80, RBX=0x0000000000000001, RCX=0x00007f452787d814, RDX=0x00007f4527ccaee0
RSP=0x00007f44ff616510, RBP=0x00007f44ff616510, RSI=0x00000000000003be, RDI=0x00007f44dc08d0f0
R8 =0x0000000040000000, R9 =0x0000000000000000, R10=0x0000000000000022, R11=0x0000000000000246
R12=0x0000000000000055, R13=0x00007f44dc08d0f0, R14=0x00000000ffffffff, R15=0x00007f44ff616760
RIP=0x00007f45276288df, EFLAGS=0x0000000000010283, CSGSFS=0x002b000000000033, ERR=0x0000000000000004
  TRAPNO=0x000000000000000e

Top of Stack: (sp=0x00007f44ff616510)
0x00007f44ff616510:   00007f44ff616640 00007f45275b3808
0x00007f44ff616520:   00000000ff616540 0000000000000000
0x00007f44ff616530:   00007f44ff6165f0 00007f44ff6165d0
0x00007f44ff616540:   00007f44e8011cd0 00017f44ff619488
0x00007f44ff616550:   00007f44dc08d0f0 00007f44dc08d080
0x00007f44ff616560:   0000000000000340 00007f44ff617118
0x00007f44ff616570:   00007f44ff617138 00007f44ff617158
0x00007f44ff616580:   00000001ff6165b0 0000000000000004
0x00007f44ff616590:   00007f44e006ceb0 0000000000000001
0x00007f44ff6165a0:   00007f44e006ceb0 00007f44ff61671c
0x00007f44ff6165b0:   00000019ff6166f0 00007f4527c0d590
0x00007f44ff6165c0:   00007f44ff6166e0 00007f44dc007740
0x00007f44ff6165d0:   00007f4527ca60d0 00007f452001da80
0x00007f44ff6165e0:   0000000100800000 00007f44fcf44020
0x00007f44ff6165f0:   00007f44dc092ba0 00007f44dc096600
0x00007f44ff616600:   00007f44dc0929c0 00007f452001da80
0x00007f44ff616610:   00000030e801ea20 00007f44ff616760
0x00007f44ff616620:   0000000000000005 00000000000000b8
0x00007f44ff616630:   0000000000000050 0000000000000008
0x00007f44ff616640:   00007f44ff616750 00007f45275b54e9
0x00007f44ff616650:   0000000000000010 00007f4527cdf600
0x00007f44ff616660:   00007f44ff6166a0 00007f44ff616760
0x00007f44ff616670:   00007f44dc010c40 0000000000000000
0x00007f44ff616680:   0000000000000002 0000000727cc3de0
0x00007f44ff616690:   00007f44ff6166f0 00007f4527011c59
0x00007f44ff6166a0:   00007f44dc00ebe8 0000000000000001
0x00007f44ff6166b0:   00007f44ff6167a0 0000000000000008
0x00007f44ff6166c0:   0000000000100000 0000000000000000
0x00007f44ff6166d0:   0000000000000000 0000000000000000
0x00007f44ff6166e0:   0000000000000000 00007f44ff616760
0x00007f44ff6166f0:   0000000000000000 0000000000000000
0x00007f44ff616700:   4000000000000000 0000000000000000 

Instructions: (pc=0x00007f45276288df)
0x00007f45276288bf:   00 55 48 8b 47 30 48 89 e5 c9 c3 66 0f 1f 44 00
0x00007f45276288cf:   00 48 8b 47 30 55 48 8b 15 34 1b 68 00 48 89 e5
0x00007f45276288df:   48 63 40 10 48 8d 44 00 01 48 c1 e0 04 8b 44 02
0x00007f45276288ef:   04 c9 c3 66 66 66 66 66 2e 0f 1f 84 00 00 00 00 

Register to memory mapping:

RAX=0x00007f44d404eb80 is an unknown value
RBX=0x0000000000000001 is an unknown value
RCX=0x00007f452787d814: <offset 0xb4e814> in /home/aayushshivam7/jdk1.8.0_161/jre/lib/amd64/server/libjvm.so at 0x00007f4526d2f000
RDX=0x00007f4527ccaee0: <offset 0xf9bee0> in /home/aayushshivam7/jdk1.8.0_161/jre/lib/amd64/server/libjvm.so at 0x00007f4526d2f000
RSP=0x00007f44ff616510 is pointing into the stack for thread: 0x00007f45200bc800
RBP=0x00007f44ff616510 is pointing into the stack for thread: 0x00007f45200bc800
RSI=0x00000000000003be is an unknown value
RDI=0x00007f44dc08d0f0 is an unknown value
R8 =0x0000000040000000 is an unknown value
R9 =0x0000000000000000 is an unknown value
R10=0x0000000000000022 is an unknown value
R11=0x0000000000000246 is an unknown value
R12=0x0000000000000055 is an unknown value
R13=0x00007f44dc08d0f0 is an unknown value
R14=0x00000000ffffffff is an unallocated location in the heap
R15=0x00007f44ff616760 is pointing into the stack for thread: 0x00007f45200bc800


Stack: [0x00007f44ff51b000,0x00007f44ff61b000],  sp=0x00007f44ff616510,  free space=1005k
Native frames: (J=compiled Java code, j=interpreted, Vv=VM code, C=native code)
V  [libjvm.so+0x8f98df]  TypeNode::ideal_reg() const+0xf
V  [libjvm.so+0x884808]  Matcher::find_shared(Node*)+0x258
V  [libjvm.so+0x8864e9]  Matcher::match()+0x789
V  [libjvm.so+0x4a6c6a]  Compile::Code_Gen()+0x9a
V  [libjvm.so+0x4a96b1]  Compile::Compile(ciEnv*, C2Compiler*, ciMethod*, int, bool, bool, bool)+0x14b1
V  [libjvm.so+0x3f57d5]  C2Compiler::compile_method(ciEnv*, ciMethod*, int)+0x1f5
V  [libjvm.so+0x4b3c2a]  CompileBroker::invoke_compiler_on_method(CompileTask*)+0xcba
V  [libjvm.so+0x4b4bd6]  CompileBroker::compiler_thread_loop()+0x5d6
V  [libjvm.so+0xa7eaa3]  JavaThread::thread_main_inner()+0x103
V  [libjvm.so+0xa7ebec]  JavaThread::run()+0x11c
V  [libjvm.so+0x92da28]  java_start(Thread*)+0x108
C  [libpthread.so.0+0x76db]  start_thread+0xdb


Current CompileTask:
C2:    187  176       4       jdk.internal.org.objectweb.asm.ByteVector::putUTF8 (142 bytes)


---------------  P R O C E S S  ---------------

Java Threads: ( => current thread )
  0x00007f45200c9800 JavaThread "Service Thread" daemon [_thread_blocked, id=22292, stack(0x00007f44ff318000,0x00007f44ff419000)]
  0x00007f45200be800 JavaThread "C1 CompilerThread2" daemon [_thread_in_vm, id=22291, stack(0x00007f44ff41a000,0x00007f44ff51a000)]
=>0x00007f45200bc800 JavaThread "C2 CompilerThread1" daemon [_thread_in_native, id=22290, stack(0x00007f44ff51b000,0x00007f44ff61b000)]
  0x00007f45200b9800 JavaThread "C2 CompilerThread0" daemon [_thread_blocked, id=22289, stack(0x00007f44ff61c000,0x00007f44ff71c000)]
  0x00007f45200b8000 JavaThread "Signal Dispatcher" daemon [_thread_blocked, id=22288, stack(0x00007f44ff71c000,0x00007f44ff81d000)]
  0x00007f4520085800 JavaThread "Finalizer" daemon [_thread_blocked, id=22287, stack(0x00007f44ffafb000,0x00007f44ffbfc000)]
  0x00007f4520081000 JavaThread "Reference Handler" daemon [_thread_blocked, id=22286, stack(0x00007f44ffbfc000,0x00007f44ffcfd000)]
  0x00007f452000b000 JavaThread "main" [_thread_blocked, id=22279, stack(0x00007f452883f000,0x00007f452893f000)]

Other Threads:
  0x00007f4520079000 VMThread [stack: 0x00007f44ffcfe000,0x00007f44ffdfe000] [id=22285]
  0x00007f45200ce800 WatcherThread [stack: 0x00007f44ff218000,0x00007f44ff318000] [id=22293]

VM state:not at safepoint (normal execution)

VM Mutex/Monitor currently owned by a thread:  ([mutex/lock_event])
[0x00007f4520006d90] CodeCache_lock - owner thread: 0x00007f45200be800
[0x00007f4520008410] Compile_lock - owner thread: 0x00007f45200be800
[0x00007f4520008510] MethodCompileQueue_lock - owner thread: 0x00007f45200be800

Heap:
 PSYoungGen      total 36864K, used 3174K [0x00000000d6e00000, 0x00000000d9700000, 0x0000000100000000)
  eden space 31744K, 10% used [0x00000000d6e00000,0x00000000d7119b10,0x00000000d8d00000)
  from space 5120K, 0% used [0x00000000d9200000,0x00000000d9200000,0x00000000d9700000)
  to   space 5120K, 0% used [0x00000000d8d00000,0x00000000d8d00000,0x00000000d9200000)
 ParOldGen       total 84992K, used 0K [0x0000000084a00000, 0x0000000089d00000, 0x00000000d6e00000)
  object space 84992K, 0% used [0x0000000084a00000,0x0000000084a00000,0x0000000089d00000)
 Metaspace       used 4398K, capacity 4842K, committed 4992K, reserved 1056768K
  class space    used 507K, capacity 594K, committed 640K, reserved 1048576K

Card table byte_map: [0x00007f4525154000,0x00007f4525530000] byte_map_base: 0x00007f4524d2f000

Marking Bits: (ParMarkBitMap*) 0x00007f4527cfe920
 Begin Bits: [0x00007f4508250000, 0x00007f450a128000)
 End Bits:   [0x00007f450a128000, 0x00007f450c000000)

Polling page: 0x00007f452897a000

CodeCache: size=245760Kb used=1446Kb max_used=1446Kb free=244314Kb
 bounds [0x00007f4511000000, 0x00007f4511270000, 0x00007f4520000000]
 total_blobs=470 nmethods=205 adapters=179
 compilation: enabled

Compilation events (10 events):
Event: 0.177 Thread 0x00007f45200be800 nmethod 198 0x00007f4511164290 code [0x00007f4511164400, 0x00007f45111645d0]
Event: 0.177 Thread 0x00007f45200be800  195  s    3       java.lang.StringBuffer::toString (36 bytes)
Event: 0.177 Thread 0x00007f45200be800 nmethod 195 0x00007f4511164690 code [0x00007f4511164820, 0x00007f4511164ca8]
Event: 0.177 Thread 0x00007f45200be800  197       3       java.lang.invoke.MethodType$ConcurrentWeakInternSet$WeakEntry::equals (49 bytes)
Event: 0.179 Thread 0x00007f45200be800 nmethod 197 0x00007f4511164e10 code [0x00007f4511164fa0, 0x00007f4511165608]
Event: 0.179 Thread 0x00007f45200be800  199       3       jdk.internal.org.objectweb.asm.Frame::get (46 bytes)
Event: 0.180 Thread 0x00007f45200be800 nmethod 199 0x00007f4511165710 code [0x00007f4511165880, 0x00007f4511165ad0]
Event: 0.180 Thread 0x00007f45200be800  200  s    3       java.lang.StringBuffer::append (15 bytes)
Event: 0.180 Thread 0x00007f45200be800 nmethod 200 0x00007f4511165b90 code [0x00007f4511165d00, 0x00007f4511166028]
Event: 0.180 Thread 0x00007f45200be800  201       3       java.lang.AbstractStringBuilder::append (40 bytes)

GC Heap History (0 events):
No events

Deoptimization events (0 events):
No events

Classes redefined (0 events):
No events

Internal exceptions (8 events):
Event: 0.042 Thread 0x00007f452000b000 Exception <a 'java/lang/NoSuchMethodError': Method sun.misc.Unsafe.defineClass(Ljava/lang/String;[BII)Ljava/lang/Class; name or signature does not match> (0x00000000d6e07ca0) thrown at [/HUDSON/workspace/8-2-build-linux-amd64/jdk8u161/10277/hotspot/src/sh
Event: 0.042 Thread 0x00007f452000b000 Exception <a 'java/lang/NoSuchMethodError': Method sun.misc.Unsafe.prefetchRead(Ljava/lang/Object;J)V name or signature does not match> (0x00000000d6e07f88) thrown at [/HUDSON/workspace/8-2-build-linux-amd64/jdk8u161/10277/hotspot/src/share/vm/prims/jni.c
Event: 0.109 Thread 0x00007f452000b000 Exception <a 'java/security/PrivilegedActionException'> (0x00000000d6f42870) thrown at [/HUDSON/workspace/8-2-build-linux-amd64/jdk8u161/10277/hotspot/src/share/vm/prims/jvm.cpp, line 1390]
Event: 0.109 Thread 0x00007f452000b000 Exception <a 'java/security/PrivilegedActionException'> (0x00000000d6f42a80) thrown at [/HUDSON/workspace/8-2-build-linux-amd64/jdk8u161/10277/hotspot/src/share/vm/prims/jvm.cpp, line 1390]
Event: 0.110 Thread 0x00007f452000b000 Exception <a 'java/security/PrivilegedActionException'> (0x00000000d6f45130) thrown at [/HUDSON/workspace/8-2-build-linux-amd64/jdk8u161/10277/hotspot/src/share/vm/prims/jvm.cpp, line 1390]
Event: 0.110 Thread 0x00007f452000b000 Exception <a 'java/security/PrivilegedActionException'> (0x00000000d6f45340) thrown at [/HUDSON/workspace/8-2-build-linux-amd64/jdk8u161/10277/hotspot/src/share/vm/prims/jvm.cpp, line 1390]
Event: 0.157 Thread 0x00007f452000b000 Exception <a 'java/lang/NoSuchFieldError': method resolution failed> (0x00000000d7018588) thrown at [/HUDSON/workspace/8-2-build-linux-amd64/jdk8u161/10277/hotspot/src/share/vm/prims/methodHandles.cpp, line 1167]
Event: 0.160 Thread 0x00007f452000b000 Exception <a 'java/lang/NoSuchFieldError': method resolution failed> (0x00000000d7025cd8) thrown at [/HUDSON/workspace/8-2-build-linux-amd64/jdk8u161/10277/hotspot/src/share/vm/prims/methodHandles.cpp, line 1167]

Events (10 events):
Event: 0.171 loading class java/lang/invoke/BoundMethodHandle$Factory$1
Event: 0.171 loading class java/lang/invoke/BoundMethodHandle$Factory$1 done
Event: 0.171 loading class java/util/concurrent/ConcurrentHashMap$ReservationNode
Event: 0.171 loading class java/util/concurrent/ConcurrentHashMap$ReservationNode done
Event: 0.171 loading class jdk/internal/org/objectweb/asm/FieldWriter
Event: 0.171 loading class jdk/internal/org/objectweb/asm/FieldVisitor
Event: 0.171 loading class jdk/internal/org/objectweb/asm/FieldVisitor done
Event: 0.171 loading class jdk/internal/org/objectweb/asm/FieldWriter done
Event: 0.173 loading class sun/reflect/UnsafeStaticObjectFieldAccessorImpl
Event: 0.173 loading class sun/reflect/UnsafeStaticObjectFieldAccessorImpl done


Dynamic libraries:
00400000-00401000 r-xp 00000000 08:04 16911754                           /home/aayushshivam7/jdk1.8.0_161/bin/java
00600000-00601000 rw-p 00000000 08:04 16911754                           /home/aayushshivam7/jdk1.8.0_161/bin/java
00caf000-00cd0000 rw-p 00000000 00:00 0                                  [heap]
84a00000-89d00000 rw-p 00000000 00:00 0 
89d00000-d6e00000 ---p 00000000 00:00 0 
d6e00000-d9700000 rw-p 00000000 00:00 0 
d9700000-100000000 ---p 00000000 00:00 0 
100000000-1000a0000 rw-p 00000000 00:00 0 
1000a0000-140000000 ---p 00000000 00:00 0 
7f44d4000000-7f44d4021000 rw-p 00000000 00:00 0 
7f44d4021000-7f44d8000000 ---p 00000000 00:00 0 
7f44d8000000-7f44d8021000 rw-p 00000000 00:00 0 
7f44d8021000-7f44dc000000 ---p 00000000 00:00 0 
7f44dc000000-7f44dc0ac000 rw-p 00000000 00:00 0 
7f44dc0ac000-7f44e0000000 ---p 00000000 00:00 0 
7f44e0000000-7f44e0177000 rw-p 00000000 00:00 0 
7f44e0177000-7f44e4000000 ---p 00000000 00:00 0 
7f44e4000000-7f44e4021000 rw-p 00000000 00:00 0 
7f44e4021000-7f44e8000000 ---p 00000000 00:00 0 
7f44e8000000-7f44e80fa000 rw-p 00000000 00:00 0 
7f44e80fa000-7f44ec000000 ---p 00000000 00:00 0 
7f44ec000000-7f44ec021000 rw-p 00000000 00:00 0 
7f44ec021000-7f44f0000000 ---p 00000000 00:00 0 
7f44f0000000-7f44f0021000 rw-p 00000000 00:00 0 
7f44f0021000-7f44f4000000 ---p 00000000 00:00 0 
7f44f4000000-7f44f4021000 rw-p 00000000 00:00 0 
7f44f4021000-7f44f8000000 ---p 00000000 00:00 0 
7f44f8000000-7f44f8021000 rw-p 00000000 00:00 0 
7f44f8021000-7f44fc000000 ---p 00000000 00:00 0 
7f44fccbc000-7f44fef45000 rw-p 00000000 00:00 0 
7f44fef45000-7f44fefe7000 r-xp 00000000 08:04 16911573                   /home/aayushshivam7/jdk1.8.0_161/jre/lib/amd64/libawt.so
7f44fefe7000-7f44ff1e7000 ---p 000a2000 08:04 16911573                   /home/aayushshivam7/jdk1.8.0_161/jre/lib/amd64/libawt.so
7f44ff1e7000-7f44ff1f3000 rw-p 000a2000 08:04 16911573                   /home/aayushshivam7/jdk1.8.0_161/jre/lib/amd64/libawt.so
7f44ff1f3000-7f44ff217000 rw-p 00000000 00:00 0 
7f44ff217000-7f44ff218000 ---p 00000000 00:00 0 
7f44ff218000-7f44ff318000 rw-p 00000000 00:00 0 
7f44ff318000-7f44ff31b000 ---p 00000000 00:00 0 
7f44ff31b000-7f44ff419000 rw-p 00000000 00:00 0 
7f44ff419000-7f44ff41a000 ---p 00000000 00:00 0 
7f44ff41a000-7f44ff41d000 ---p 00000000 00:00 0 
7f44ff41d000-7f44ff51a000 rw-p 00000000 00:00 0 
7f44ff51a000-7f44ff51b000 ---p 00000000 00:00 0 
7f44ff51b000-7f44ff51e000 ---p 00000000 00:00 0 
7f44ff51e000-7f44ff61b000 rw-p 00000000 00:00 0 
7f44ff61b000-7f44ff61c000 ---p 00000000 00:00 0 
7f44ff61c000-7f44ff61f000 ---p 00000000 00:00 0 
7f44ff61f000-7f44ff71c000 rw-p 00000000 00:00 0 
7f44ff71c000-7f44ff71f000 ---p 00000000 00:00 0 
7f44ff71f000-7f44ff81d000 rw-p 00000000 00:00 0 
7f44ff81d000-7f44ffafb000 r--p 00000000 08:04 3540588                    /usr/lib/locale/locale-archive
7f44ffafb000-7f44ffafe000 ---p 00000000 00:00 0 
7f44ffafe000-7f44ffbfc000 rw-p 00000000 00:00 0 
7f44ffbfc000-7f44ffbff000 ---p 00000000 00:00 0 
7f44ffbff000-7f44ffcfd000 rw-p 00000000 00:00 0 
7f44ffcfd000-7f44ffcfe000 ---p 00000000 00:00 0 
7f44ffcfe000-7f4500000000 rw-p 00000000 00:00 0 
7f4500000000-7f4500021000 rw-p 00000000 00:00 0 
7f4500021000-7f4504000000 ---p 00000000 00:00 0 
7f4504000000-7f4504021000 rw-p 00000000 00:00 0 
7f4504021000-7f4508000000 ---p 00000000 00:00 0 
7f450804e000-7f450c000000 rw-p 00000000 00:00 0 
7f450c000000-7f450c021000 rw-p 00000000 00:00 0 
7f450c021000-7f4510000000 ---p 00000000 00:00 0 
7f4510000000-7f4510096000 r--s 01102000 08:04 16911446                   /home/aayushshivam7/jdk1.8.0_161/jre/lib/ext/jfxrt.jar
7f4510096000-7f4510c40000 rw-p 00000000 00:00 0 
7f4510c40000-7f4511000000 ---p 00000000 00:00 0 
7f4511000000-7f4511270000 rwxp 00000000 00:00 0 
7f4511270000-7f4520000000 ---p 00000000 00:00 0 
7f4520000000-7f45201b5000 rw-p 00000000 00:00 0 
7f45201b5000-7f4524000000 ---p 00000000 00:00 0 
7f4524020000-7f4524494000 rw-p 00000000 00:00 0 
7f4524494000-7f452466d000 r--s 03d64000 08:04 16911702                   /home/aayushshivam7/jdk1.8.0_161/jre/lib/rt.jar
7f452466d000-7f4524abe000 rw-p 00000000 00:00 0 
7f4524abe000-7f4524abf000 ---p 00000000 00:00 0 
7f4524abf000-7f4524bbf000 rw-p 00000000 00:00 0 
7f4524bbf000-7f4524bc0000 ---p 00000000 00:00 0 
7f4524bc0000-7f4524cc0000 rw-p 00000000 00:00 0 
7f4524cc0000-7f4524cc1000 ---p 00000000 00:00 0 
7f4524cc1000-7f4524dc1000 rw-p 00000000 00:00 0 
7f4524dc1000-7f4524dc2000 ---p 00000000 00:00 0 
7f4524dc2000-7f4524eec000 rw-p 00000000 00:00 0 
7f4524eec000-7f4525154000 ---p 00000000 00:00 0 
7f4525154000-7f452517e000 rw-p 00000000 00:00 0 
7f452517e000-7f45253e6000 ---p 00000000 00:00 0 
7f45253e6000-7f45253fb000 rw-p 00000000 00:00 0 
7f45253fb000-7f452552f000 ---p 00000000 00:00 0 
7f452552f000-7f452553a000 rw-p 00000000 00:00 0 
7f452553a000-7f45258f0000 ---p 00000000 00:00 0 
7f45258f0000-7f452590b000 r-xp 00000000 08:04 16911569                   /home/aayushshivam7/jdk1.8.0_161/jre/lib/amd64/libzip.so
7f452590b000-7f4525b0b000 ---p 0001b000 08:04 16911569                   /home/aayushshivam7/jdk1.8.0_161/jre/lib/amd64/libzip.so
7f4525b0b000-7f4525b0c000 rw-p 0001b000 08:04 16911569                   /home/aayushshivam7/jdk1.8.0_161/jre/lib/amd64/libzip.so
7f4525b0c000-7f4525b17000 r-xp 00000000 08:04 11803153                   /lib/x86_64-linux-gnu/libnss_files-2.27.so
7f4525b17000-7f4525d16000 ---p 0000b000 08:04 11803153                   /lib/x86_64-linux-gnu/libnss_files-2.27.so
7f4525d16000-7f4525d17000 r--p 0000a000 08:04 11803153                   /lib/x86_64-linux-gnu/libnss_files-2.27.so
7f4525d17000-7f4525d18000 rw-p 0000b000 08:04 11803153                   /lib/x86_64-linux-gnu/libnss_files-2.27.so
7f4525d18000-7f4525d1e000 rw-p 00000000 00:00 0 
7f4525d1e000-7f4525d35000 r-xp 00000000 08:04 11803150                   /lib/x86_64-linux-gnu/libnsl-2.27.so
7f4525d35000-7f4525f34000 ---p 00017000 08:04 11803150                   /lib/x86_64-linux-gnu/libnsl-2.27.so
7f4525f34000-7f4525f35000 r--p 00016000 08:04 11803150                   /lib/x86_64-linux-gnu/libnsl-2.27.so
7f4525f35000-7f4525f36000 rw-p 00017000 08:04 11803150                   /lib/x86_64-linux-gnu/libnsl-2.27.so
7f4525f36000-7f4525f38000 rw-p 00000000 00:00 0 
7f4525f38000-7f4525f43000 r-xp 00000000 08:04 11803155                   /lib/x86_64-linux-gnu/libnss_nis-2.27.so
7f4525f43000-7f4526142000 ---p 0000b000 08:04 11803155                   /lib/x86_64-linux-gnu/libnss_nis-2.27.so
7f4526142000-7f4526143000 r--p 0000a000 08:04 11803155                   /lib/x86_64-linux-gnu/libnss_nis-2.27.so
7f4526143000-7f4526144000 rw-p 0000b000 08:04 11803155                   /lib/x86_64-linux-gnu/libnss_nis-2.27.so
7f4526144000-7f452614c000 r-xp 00000000 08:04 11803151                   /lib/x86_64-linux-gnu/libnss_compat-2.27.so
7f452614c000-7f452634c000 ---p 00008000 08:04 11803151                   /lib/x86_64-linux-gnu/libnss_compat-2.27.so
7f452634c000-7f452634d000 r--p 00008000 08:04 11803151                   /lib/x86_64-linux-gnu/libnss_compat-2.27.so
7f452634d000-7f452634e000 rw-p 00009000 08:04 11803151                   /lib/x86_64-linux-gnu/libnss_compat-2.27.so
7f452634e000-7f4526379000 r-xp 00000000 08:04 16911543                   /home/aayushshivam7/jdk1.8.0_161/jre/lib/amd64/libjava.so
7f4526379000-7f4526578000 ---p 0002b000 08:04 16911543                   /home/aayushshivam7/jdk1.8.0_161/jre/lib/amd64/libjava.so
7f4526578000-7f452657a000 rw-p 0002a000 08:04 16911543                   /home/aayushshivam7/jdk1.8.0_161/jre/lib/amd64/libjava.so
7f452657a000-7f4526587000 r-xp 00000000 08:04 16911506                   /home/aayushshivam7/jdk1.8.0_161/jre/lib/amd64/libverify.so
7f4526587000-7f4526787000 ---p 0000d000 08:04 16911506                   /home/aayushshivam7/jdk1.8.0_161/jre/lib/amd64/libverify.so
7f4526787000-7f4526789000 rw-p 0000d000 08:04 16911506                   /home/aayushshivam7/jdk1.8.0_161/jre/lib/amd64/libverify.so
7f4526789000-7f4526790000 r-xp 00000000 08:04 11803160                   /lib/x86_64-linux-gnu/librt-2.27.so
7f4526790000-7f452698f000 ---p 00007000 08:04 11803160                   /lib/x86_64-linux-gnu/librt-2.27.so
7f452698f000-7f4526990000 r--p 00006000 08:04 11803160                   /lib/x86_64-linux-gnu/librt-2.27.so
7f4526990000-7f4526991000 rw-p 00007000 08:04 11803160                   /lib/x86_64-linux-gnu/librt-2.27.so
7f4526991000-7f4526b2e000 r-xp 00000000 08:04 11803147                   /lib/x86_64-linux-gnu/libm-2.27.so
7f4526b2e000-7f4526d2d000 ---p 0019d000 08:04 11803147                   /lib/x86_64-linux-gnu/libm-2.27.so
7f4526d2d000-7f4526d2e000 r--p 0019c000 08:04 11803147                   /lib/x86_64-linux-gnu/libm-2.27.so
7f4526d2e000-7f4526d2f000 rw-p 0019d000 08:04 11803147                   /lib/x86_64-linux-gnu/libm-2.27.so
7f4526d2f000-7f4527a08000 r-xp 00000000 08:04 16911424                   /home/aayushshivam7/jdk1.8.0_161/jre/lib/amd64/server/libjvm.so
7f4527a08000-7f4527c07000 ---p 00cd9000 08:04 16911424                   /home/aayushshivam7/jdk1.8.0_161/jre/lib/amd64/server/libjvm.so
7f4527c07000-7f4527ce0000 rw-p 00cd8000 08:04 16911424                   /home/aayushshivam7/jdk1.8.0_161/jre/lib/amd64/server/libjvm.so
7f4527ce0000-7f4527d2c000 rw-p 00000000 00:00 0 
7f4527d2c000-7f4527f13000 r-xp 00000000 08:04 11803143                   /lib/x86_64-linux-gnu/libc-2.27.so
7f4527f13000-7f4528113000 ---p 001e7000 08:04 11803143                   /lib/x86_64-linux-gnu/libc-2.27.so
7f4528113000-7f4528117000 r--p 001e7000 08:04 11803143                   /lib/x86_64-linux-gnu/libc-2.27.so
7f4528117000-7f4528119000 rw-p 001eb000 08:04 11803143                   /lib/x86_64-linux-gnu/libc-2.27.so
7f4528119000-7f452811d000 rw-p 00000000 00:00 0 
7f452811d000-7f4528120000 r-xp 00000000 08:04 11803146                   /lib/x86_64-linux-gnu/libdl-2.27.so
7f4528120000-7f452831f000 ---p 00003000 08:04 11803146                   /lib/x86_64-linux-gnu/libdl-2.27.so
7f452831f000-7f4528320000 r--p 00002000 08:04 11803146                   /lib/x86_64-linux-gnu/libdl-2.27.so
7f4528320000-7f4528321000 rw-p 00003000 08:04 11803146                   /lib/x86_64-linux-gnu/libdl-2.27.so
7f4528321000-7f4528337000 r-xp 00000000 08:04 16911578                   /home/aayushshivam7/jdk1.8.0_161/lib/amd64/jli/libjli.so
7f4528337000-7f4528536000 ---p 00016000 08:04 16911578                   /home/aayushshivam7/jdk1.8.0_161/lib/amd64/jli/libjli.so
7f4528536000-7f4528537000 rw-p 00015000 08:04 16911578                   /home/aayushshivam7/jdk1.8.0_161/lib/amd64/jli/libjli.so
7f4528537000-7f4528551000 r-xp 00000000 08:04 11803158                   /lib/x86_64-linux-gnu/libpthread-2.27.so
7f4528551000-7f4528750000 ---p 0001a000 08:04 11803158                   /lib/x86_64-linux-gnu/libpthread-2.27.so
7f4528750000-7f4528751000 r--p 00019000 08:04 11803158                   /lib/x86_64-linux-gnu/libpthread-2.27.so
7f4528751000-7f4528752000 rw-p 0001a000 08:04 11803158                   /lib/x86_64-linux-gnu/libpthread-2.27.so
7f4528752000-7f4528756000 rw-p 00000000 00:00 0 
7f4528756000-7f452877d000 r-xp 00000000 08:04 11801059                   /lib/x86_64-linux-gnu/ld-2.27.so
7f452878a000-7f4528790000 r--s 002f8000 08:04 16911465                   /home/aayushshivam7/jdk1.8.0_161/jre/lib/charsets.jar
7f4528790000-7f452879a000 r--s 000eb000 08:04 15995302                   /home/aayushshivam7/Desktop/mysql-connector-java-5.1.44/mysql-connector-java-5.1.44-bin.jar
7f452879a000-7f452883e000 rw-p 00000000 00:00 0 
7f452883e000-7f452883f000 ---p 00000000 00:00 0 
7f452883f000-7f4528842000 ---p 00000000 00:00 0 
7f4528842000-7f4528941000 rw-p 00000000 00:00 0 
7f4528946000-7f452894a000 r--s 004f8000 08:04 15731864                   /home/aayushshivam7/Downloads/material-ui-swing.jar
7f452894a000-7f4528971000 rw-p 00000000 00:00 0 
7f4528971000-7f4528979000 rw-s 00000000 08:04 6819126                    /tmp/hsperfdata_aayushshivam7/22276
7f4528979000-7f452897a000 rw-p 00000000 00:00 0 
7f452897a000-7f452897b000 r--p 00000000 00:00 0 
7f452897b000-7f452897d000 rw-p 00000000 00:00 0 
7f452897d000-7f452897e000 r--p 00027000 08:04 11801059                   /lib/x86_64-linux-gnu/ld-2.27.so
7f452897e000-7f452897f000 rw-p 00028000 08:04 11801059                   /lib/x86_64-linux-gnu/ld-2.27.so
7f452897f000-7f4528980000 rw-p 00000000 00:00 0 
7ffdc2cde000-7ffdc2cff000 rw-p 00000000 00:00 0                          [stack]
7ffdc2d94000-7ffdc2d97000 r--p 00000000 00:00 0                          [vvar]
7ffdc2d97000-7ffdc2d99000 r-xp 00000000 00:00 0                          [vdso]
ffffffffff600000-ffffffffff601000 r-xp 00000000 00:00 0                  [vsyscall]

VM Arguments:
jvm_args: -Dfile.encoding=UTF-8 
java_command: PeerClient.Peer
java_class_path (initial): /home/aayushshivam7/Desktop/mysql-connector-java-5.1.44/mysql-connector-java-5.1.44-bin.jar:/home/aayushshivam7/Downloads/material-ui-swing.jar:/home/aayushshivam7/NetBeansProjects/PeerClient/build/classes
Launcher Type: SUN_STANDARD

Environment Variables:
PATH=/home/aayushshivam7/bin:/home/aayushshivam7/.local/bin:/usr/local/sbin:/usr/local/bin:/usr/sbin:/usr/bin:/sbin:/bin:/usr/games:/usr/local/games:/snap/bin
USERNAME=aayushshivam7
LD_LIBRARY_PATH=/home/aayushshivam7/jdk1.8.0_161/jre/lib/amd64:/home/aayushshivam7/jdk1.8.0_161/jre/lib/i386:
SHELL=/bin/bash
DISPLAY=:0

Signal Handlers:
SIGSEGV: [libjvm.so+0xad01e0], sa_mask[0]=11111111011111111101111111111110, sa_flags=SA_RESTART|SA_SIGINFO
SIGBUS: [libjvm.so+0xad01e0], sa_mask[0]=11111111011111111101111111111110, sa_flags=SA_RESTART|SA_SIGINFO
SIGFPE: [libjvm.so+0x927fb0], sa_mask[0]=11111111011111111101111111111110, sa_flags=SA_RESTART|SA_SIGINFO
SIGPIPE: [libjvm.so+0x927fb0], sa_mask[0]=11111111011111111101111111111110, sa_flags=SA_RESTART|SA_SIGINFO
SIGXFSZ: [libjvm.so+0x927fb0], sa_mask[0]=11111111011111111101111111111110, sa_flags=SA_RESTART|SA_SIGINFO
SIGILL: [libjvm.so+0x927fb0], sa_mask[0]=11111111011111111101111111111110, sa_flags=SA_RESTART|SA_SIGINFO
SIGUSR1: SIG_DFL, sa_mask[0]=00000000000000000000000000000000, sa_flags=none
SIGUSR2: [libjvm.so+0x9297f0], sa_mask[0]=00100000000000000000000000000000, sa_flags=SA_RESTART|SA_SIGINFO
SIGHUP: [libjvm.so+0x92abf0], sa_mask[0]=11111111011111111101111111111110, sa_flags=SA_RESTART|SA_SIGINFO
SIGINT: SIG_IGN, sa_mask[0]=00000000000000000000000000000000, sa_flags=none
SIGTERM: [libjvm.so+0x92abf0], sa_mask[0]=11111111011111111101111111111110, sa_flags=SA_RESTART|SA_SIGINFO
SIGQUIT: [libjvm.so+0x92abf0], sa_mask[0]=11111111011111111101111111111110, sa_flags=SA_RESTART|SA_SIGINFO


---------------  S Y S T E M  ---------------

OS:DISTRIB_ID=Ubuntu
DISTRIB_RELEASE=18.04
DISTRIB_CODENAME=bionic
DISTRIB_DESCRIPTION="Ubuntu 18.04.1 LTS"

uname:Linux 4.15.0-34-generic #37-Ubuntu SMP Mon Aug 27 15:21:48 UTC 2018 x86_64
libc:glibc 2.27 NPTL 2.27 
rlimit: STACK 8192k, CORE 0k, NPROC 31340, NOFILE 1048576, AS infinity
load average:0.91 1.16 1.37

/proc/meminfo:
MemTotal:        8083860 kB
MemFree:         2775316 kB
MemAvailable:    4170000 kB
Buffers:          188396 kB
Cached:          1907716 kB
SwapCached:            0 kB
Active:          3616816 kB
Inactive:        1324656 kB
Active(anon):    2847064 kB
Inactive(anon):   531824 kB
Active(file):     769752 kB
Inactive(file):   792832 kB
Unevictable:         184 kB
Mlocked:             184 kB
SwapTotal:             0 kB
SwapFree:              0 kB
Dirty:              4252 kB
Writeback:             0 kB
AnonPages:       2845724 kB
Mapped:           565472 kB
Shmem:            533512 kB
Slab:             179056 kB
SReclaimable:     115036 kB
SUnreclaim:        64020 kB
KernelStack:       14700 kB
PageTables:        70584 kB
NFS_Unstable:          0 kB
Bounce:                0 kB
WritebackTmp:          0 kB
CommitLimit:     4041928 kB
Committed_AS:   10974932 kB
VmallocTotal:   34359738367 kB
VmallocUsed:           0 kB
VmallocChunk:          0 kB
HardwareCorrupted:     0 kB
AnonHugePages:         0 kB
ShmemHugePages:        0 kB
ShmemPmdMapped:        0 kB
CmaTotal:              0 kB
CmaFree:               0 kB
HugePages_Total:       0
HugePages_Free:        0
HugePages_Rsvd:        0
HugePages_Surp:        0
Hugepagesize:       2048 kB
DirectMap4k:      253240 kB
DirectMap2M:     8050688 kB
DirectMap1G:           0 kB


CPU:total 4 (initial active 4) (2 cores per cpu, 2 threads per core) family 6 model 142 stepping 9, cmov, cx8, fxsr, mmx, sse, sse2, sse3, ssse3, sse4.1, sse4.2, popcnt, avx, avx2, aes, clmul, erms, 3dnowpref, lzcnt, ht, tsc, tscinvbit, bmi1, bmi2, adx

/proc/cpuinfo:
processor	: 0
vendor_id	: GenuineIntel
cpu family	: 6
model		: 142
model name	: Intel(R) Core(TM) i5-7200U CPU @ 2.50GHz
stepping	: 9
microcode	: 0x8e
cpu MHz		: 3075.744
cache size	: 3072 KB
physical id	: 0
siblings	: 4
core id		: 0
cpu cores	: 2
apicid		: 0
initial apicid	: 0
fpu		: yes
fpu_exception	: yes
cpuid level	: 22
wp		: yes
flags		: fpu vme de pse tsc msr pae mce cx8 apic sep mtrr pge mca cmov pat pse36 clflush dts acpi mmx fxsr sse sse2 ss ht tm pbe syscall nx pdpe1gb rdtscp lm constant_tsc art arch_perfmon pebs bts rep_good nopl xtopology nonstop_tsc cpuid aperfmperf tsc_known_freq pni pclmulqdq dtes64 monitor ds_cpl vmx est tm2 ssse3 sdbg fma cx16 xtpr pdcm pcid sse4_1 sse4_2 x2apic movbe popcnt tsc_deadline_timer aes xsave avx f16c rdrand lahf_lm abm 3dnowprefetch cpuid_fault epb invpcid_single pti ssbd ibrs ibpb stibp tpr_shadow vnmi flexpriority ept vpid fsgsbase tsc_adjust bmi1 avx2 smep bmi2 erms invpcid mpx rdseed adx smap clflushopt intel_pt xsaveopt xsavec xgetbv1 xsaves dtherm ida arat pln pts hwp hwp_notify hwp_act_window hwp_epp flush_l1d
bugs		: cpu_meltdown spectre_v1 spectre_v2 spec_store_bypass l1tf
bogomips	: 5424.00
clflush size	: 64
cache_alignment	: 64
address sizes	: 39 bits physical, 48 bits virtual
power management:

processor	: 1
vendor_id	: GenuineIntel
cpu family	: 6
model		: 142
model name	: Intel(R) Core(TM) i5-7200U CPU @ 2.50GHz
stepping	: 9
microcode	: 0x8e
cpu MHz		: 3062.098
cache size	: 3072 KB
physical id	: 0
siblings	: 4
core id		: 1
cpu cores	: 2
apicid		: 2
initial apicid	: 2
fpu		: yes
fpu_exception	: yes
cpuid level	: 22
wp		: yes
flags		: fpu vme de pse tsc msr pae mce cx8 apic sep mtrr pge mca cmov pat pse36 clflush dts acpi mmx fxsr sse sse2 ss ht tm pbe syscall nx pdpe1gb rdtscp lm constant_tsc art arch_perfmon pebs bts rep_good nopl xtopology nonstop_tsc cpuid aperfmperf tsc_known_freq pni pclmulqdq dtes64 monitor ds_cpl vmx est tm2 ssse3 sdbg fma cx16 xtpr pdcm pcid sse4_1 sse4_2 x2apic movbe popcnt tsc_deadline_timer aes xsave avx f16c rdrand lahf_lm abm 3dnowprefetch cpuid_fault epb invpcid_single pti tpr_shadow vnmi flexpriority ept vpid fsgsbase tsc_adjust bmi1 avx2 smep bmi2 erms invpcid mpx rdseed adx smap clflushopt intel_pt xsaveopt xsavec xgetbv1 xsaves dtherm ida arat pln pts hwp hwp_notify hwp_act_window hwp_epp
bugs		: cpu_meltdown spectre_v1 spectre_v2 spec_store_bypass l1tf
bogomips	: 5424.00
clflush size	: 64
cache_alignment	: 64
address sizes	: 39 bits physical, 48 bits virtual
power management:

processor	: 2
vendor_id	: GenuineIntel
cpu family	: 6
model		: 142
model name	: Intel(R) Core(TM) i5-7200U CPU @ 2.50GHz
stepping	: 9
microcode	: 0x8e
cpu MHz		: 3065.221
cache size	: 3072 KB
physical id	: 0
siblings	: 4
core id		: 0
cpu cores	: 2
apicid		: 1
initial apicid	: 1
fpu		: yes
fpu_exception	: yes
cpuid level	: 22
wp		: yes
flags		: fpu vme de pse tsc msr pae mce cx8 apic sep mtrr pge mca cmov pat pse36 clflush dts acpi mmx fxsr sse sse2 ss ht tm pbe syscall nx pdpe1gb rdtscp lm constant_tsc art arch_perfmon pebs bts rep_good nopl xtopology nonstop_tsc cpuid aperfmperf tsc_known_freq pni pclmulqdq dtes64 monitor ds_cpl vmx est tm2 ssse3 sdbg fma cx16 xtpr pdcm pcid sse4_1 sse4_2 x2apic movbe popcnt tsc_deadline_timer aes xsave avx f16c rdrand lahf_lm abm 3dnowprefetch cpuid_fault epb invpcid_single pti ssbd ibrs ibpb stibp tpr_shadow vnmi flexpriority ept vpid fsgsbase tsc_adjust bmi1 avx2 smep bmi2 erms invpcid mpx rdseed adx smap clflushopt intel_pt xsaveopt xsavec xgetbv1 xsaves dtherm ida arat pln pts hwp hwp_notify hwp_act_window hwp_epp flush_l1d
bugs		: cpu_meltdown spectre_v1 spectre_v2 spec_store_bypass l1tf
bogomips	: 5424.00
clflush size	: 64
cache_alignment	: 64
address sizes	: 39 bits physical, 48 bits virtual
power management:

processor	: 3
vendor_id	: GenuineIntel
cpu family	: 6
model		: 142
model name	: Intel(R) Core(TM) i5-7200U CPU @ 2.50GHz
stepping	: 9
microcode	: 0x8e
cpu MHz		: 3063.423
cache size	: 3072 KB
physical id	: 0
siblings	: 4
core id		: 1
cpu cores	: 2
apicid		: 3
initial apicid	: 3
fpu		: yes
fpu_exception	: yes
cpuid level	: 22
wp		: yes
flags		: fpu vme de pse tsc msr pae mce cx8 apic sep mtrr pge mca cmov pat pse36 clflush dts acpi mmx fxsr sse sse2 ss ht tm pbe syscall nx pdpe1gb rdtscp lm constant_tsc art arch_perfmon pebs bts rep_good nopl xtopology nonstop_tsc cpuid aperfmperf tsc_known_freq pni pclmulqdq dtes64 monitor ds_cpl vmx est tm2 ssse3 sdbg fma cx16 xtpr pdcm pcid sse4_1 sse4_2 x2apic movbe popcnt tsc_deadline_timer aes xsave avx f16c rdrand lahf_lm abm 3dnowprefetch cpuid_fault epb invpcid_single pti ssbd ibrs ibpb stibp tpr_shadow vnmi flexpriority ept vpid fsgsbase tsc_adjust bmi1 avx2 smep bmi2 erms invpcid mpx rdseed adx smap clflushopt intel_pt xsaveopt xsavec xgetbv1 xsaves dtherm ida arat pln pts hwp hwp_notify hwp_act_window hwp_epp flush_l1d
bugs		: cpu_meltdown spectre_v1 spectre_v2 spec_store_bypass l1tf
bogomips	: 5424.00
clflush size	: 64
cache_alignment	: 64
address sizes	: 39 bits physical, 48 bits virtual
power management:



Memory: 4k page, physical 8083860k(2773932k free), swap 0k(0k free)

vm_info: Java HotSpot(TM) 64-Bit Server VM (25.161-b12) for linux-amd64 JRE (1.8.0_161-b12), built on Dec 19 2017 16:12:43 by "java_re" with gcc 4.3.0 20080428 (Red Hat 4.3.0-8)

time: Wed Sep 19 20:17:27 2018
elapsed time: 0 seconds (0d 0h 0m 0s)

