#
# A fatal error has been detected by the Java Runtime Environment:
#
#  SIGSEGV (0xb) at pc=0x00007f01ccf9d4ce, pid=6967, tid=0x00007f01b510d700
#
# JRE version: Java(TM) SE Runtime Environment (8.0_161-b12) (build 1.8.0_161-b12)
# Java VM: Java HotSpot(TM) 64-Bit Server VM (25.161-b12 mixed mode linux-amd64 compressed oops)
# Problematic frame:
# V  [libjvm.so+0x63b4ce]  PhaseChaitin::interfere_with_live(unsigned int, IndexSet*)+0x1ce
#
# Failed to write core dump. Core dumps have been disabled. To enable core dumping, try "ulimit -c unlimited" before starting Java again
#
# If you would like to submit a bug report, please visit:
#   http://bugreport.java.com/bugreport/crash.jsp
#

---------------  T H R E A D  ---------------

Current thread (0x00007f01c80bc800):  JavaThread "C2 CompilerThread1" daemon [_thread_in_native, id=6981, stack(0x00007f01b500e000,0x00007f01b510e000)]

siginfo: si_signo: 11 (SIGSEGV), si_code: 2 (SEGV_ACCERR), si_addr: 0x00007f01c5923f20

Registers:
RAX=0x0000000000000004, RBX=0x0000000000000102, RCX=0x0000000000000002, RDX=0x0000000000000000
RSP=0x00007f01b5109130, RBP=0x00007f01b51091c0, RSI=0x00007f01b51095d0, RDI=0x00007f01c5923f20
R8 =0x0000000000000001, R9 =0x0000000000000064, R10=0x0000000000000000, R11=0x0000000000000000
R12=0x00007f01840caa48, R13=0x0000000000000008, R14=0x00007f01840ba6f0, R15=0x00007f01b510ad10
RIP=0x00007f01ccf9d4ce, EFLAGS=0x0000000000010202, CSGSFS=0x002b000000000033, ERR=0x0000000000000004
  TRAPNO=0x000000000000000e

Top of Stack: (sp=0x00007f01b5109130)
0x00007f01b5109130:   0000000000000164 00007f01b5109150
0x00007f01b5109140:   000000000000de80 0000016488132be8
0x00007f01b5109150:   0000010500000003 00007f0100000001
0x00007f01b5109160:   00007f01880d84e0 00007f0100000002
0x00007f01b5109170:   00007f01b5109290 00007f0100000003
0x00007f01b5109180:   00007f01b5109280 0000000000000002
0x00007f01b5109190:   00007f01b51091a0 00007f01840ca668
0x00007f01b51091a0:   00007f01840caa10 00007f01840caa48
0x00007f01b51091b0:   00000000000090a0 00007f01c815ecb0
0x00007f01b51091c0:   00007f01b5109460 00007f01ccf9ddc2
0x00007f01b51091d0:   00000000b5109210 0000000000000000
0x00007f01b51091e0:   00007f01b51093a0 00007f01b5109400
0x00007f01b51091f0:   00007f01b5109320 000000000000000c
0x00007f01b5109200:   00007f01b5109360 00007f01b5109280
0x00007f01b5109210:   00007f01b510ad10 0000000000000000
0x00007f01b5109220:   3fe3b9e9c0000000 0000002600000001
0x00007f01b5109230:   00007f01900a7570 000000110000001a
0x00007f01b5109240:   3fb3e96ed8000000 0000016400000019
0x00007f01b5109250:   0000000700000001 00007f01900a7580
0x00007f01b5109260:   ffefffff00100000 0000000000000002
0x00007f01b5109270:   000000120000001b 0000000000000000
0x00007f01b5109280:   00007f0100000016 00007f01b5109290
0x00007f01b5109290:   00007f01880d8500 00007f01880d84e0
0x00007f01b51092a0:   00007f01cd923f20 00007f0184089310
0x00007f01b51092b0:   00007f01900def80 00007f01900ea3d0
0x00007f01b51092c0:   00007f01b5109570 00007f01900c00d0
0x00007f01b51092d0:   00007f01b5109390 00007f01cd165534
0x00007f01b51092e0:   00007f01cd923f20 00007f01b5109320
0x00007f01b51092f0:   00007f01b5109410 00007f01900def80
0x00007f01b5109300:   00007f01b5109570 00007f0184085ed0
0x00007f01b5109310:   0000000000000003 00007f0184088eb0
0x00007f01b5109320:   0000016000000000 0303030300000008 

Instructions: (pc=0x00007f01ccf9d4ce)
0x00007f01ccf9d4ae:   c2 48 3b 3d da ec 93 00 74 33 41 c1 ed 05 89 d9
0x00007f01ccf9d4be:   b8 01 00 00 00 4c 89 ea 83 e1 1f 83 e2 07 d3 e0
0x00007f01ccf9d4ce:   8b 34 97 89 c1 89 f0 09 c8 85 ce 89 04 97 0f 85
0x00007f01ccf9d4de:   7e fe ff ff 41 83 06 01 e9 75 fe ff ff 4c 89 f7 

Register to memory mapping:

RAX=0x0000000000000004 is an unknown value
RBX=0x0000000000000102 is an unknown value
RCX=0x0000000000000002 is an unknown value
RDX=0x0000000000000000 is an unknown value
RSP=0x00007f01b5109130 is pointing into the stack for thread: 0x00007f01c80bc800
RBP=0x00007f01b51091c0 is pointing into the stack for thread: 0x00007f01c80bc800
RSI=0x00007f01b51095d0 is pointing into the stack for thread: 0x00007f01c80bc800
RDI=0x00007f01c5923f20 is an unknown value
R8 =0x0000000000000001 is an unknown value
R9 =0x0000000000000064 is an unknown value
R10=0x0000000000000000 is an unknown value
R11=0x0000000000000000 is an unknown value
R12=0x00007f01840caa48 is an unknown value
R13=0x0000000000000008 is an unknown value
R14=0x00007f01840ba6f0 is an unknown value
R15=0x00007f01b510ad10 is pointing into the stack for thread: 0x00007f01c80bc800


Stack: [0x00007f01b500e000,0x00007f01b510e000],  sp=0x00007f01b5109130,  free space=1004k
Native frames: (J=compiled Java code, j=interpreted, Vv=VM code, C=native code)
V  [libjvm.so+0x63b4ce]  PhaseChaitin::interfere_with_live(unsigned int, IndexSet*)+0x1ce
V  [libjvm.so+0x63bdc2]  PhaseChaitin::build_ifg_physical(ResourceArea*)+0x8c2
V  [libjvm.so+0x411f86]  PhaseChaitin::Register_Allocate()+0x8e6
V  [libjvm.so+0x4a6e30]  Compile::Code_Gen()+0x260
V  [libjvm.so+0x4a96b1]  Compile::Compile(ciEnv*, C2Compiler*, ciMethod*, int, bool, bool, bool)+0x14b1
V  [libjvm.so+0x3f57d5]  C2Compiler::compile_method(ciEnv*, ciMethod*, int)+0x1f5
V  [libjvm.so+0x4b3c2a]  CompileBroker::invoke_compiler_on_method(CompileTask*)+0xcba
V  [libjvm.so+0x4b4bd6]  CompileBroker::compiler_thread_loop()+0x5d6
V  [libjvm.so+0xa7eaa3]  JavaThread::thread_main_inner()+0x103
V  [libjvm.so+0xa7ebec]  JavaThread::run()+0x11c
V  [libjvm.so+0x92da28]  java_start(Thread*)+0x108
C  [libpthread.so.0+0x76db]  start_thread+0xdb


Current CompileTask:
C2:   1319  506       4       java.util.HashMap::putVal (300 bytes)


---------------  P R O C E S S  ---------------

Java Threads: ( => current thread )
  0x00007f01c800b000 JavaThread "DestroyJavaVM" [_thread_blocked, id=6969, stack(0x00007f01ce476000,0x00007f01ce576000)]
  0x00007f01c8262000 JavaThread "AWT-EventQueue-0" [_thread_blocked, id=6988, stack(0x00007f01823d7000,0x00007f01824d8000)]
  0x00007f01c8261800 JavaThread "AWT-Shutdown" [_thread_blocked, id=6987, stack(0x00007f01824d8000,0x00007f01825d9000)]
  0x00007f01c822b000 JavaThread "AWT-XAWT" daemon [_thread_in_native, id=6986, stack(0x00007f0182a01000,0x00007f0182b02000)]
  0x00007f01c8211800 JavaThread "Java2D Disposer" daemon [_thread_blocked, id=6985, stack(0x00007f01b40c8000,0x00007f01b41c9000)]
  0x00007f01c80c1800 JavaThread "Service Thread" daemon [_thread_blocked, id=6983, stack(0x00007f01b4e0b000,0x00007f01b4f0c000)]
  0x00007f01c80be800 JavaThread "C1 CompilerThread2" daemon [_thread_blocked, id=6982, stack(0x00007f01b4f0d000,0x00007f01b500d000)]
=>0x00007f01c80bc800 JavaThread "C2 CompilerThread1" daemon [_thread_in_native, id=6981, stack(0x00007f01b500e000,0x00007f01b510e000)]
  0x00007f01c80b9800 JavaThread "C2 CompilerThread0" daemon [_thread_blocked, id=6980, stack(0x00007f01b510f000,0x00007f01b520f000)]
  0x00007f01c80b8000 JavaThread "Signal Dispatcher" daemon [_thread_blocked, id=6979, stack(0x00007f01b520f000,0x00007f01b5310000)]
  0x00007f01c8085800 JavaThread "Finalizer" daemon [_thread_blocked, id=6978, stack(0x00007f01b55ee000,0x00007f01b56ef000)]
  0x00007f01c8081000 JavaThread "Reference Handler" daemon [_thread_blocked, id=6977, stack(0x00007f01b56ef000,0x00007f01b57f0000)]

Other Threads:
  0x00007f01c8079000 VMThread [stack: 0x00007f01b57f1000,0x00007f01b58f1000] [id=6976]
  0x00007f01c80c6000 WatcherThread [stack: 0x00007f01b4d0b000,0x00007f01b4e0b000] [id=6984]

VM state:not at safepoint (normal execution)

VM Mutex/Monitor currently owned by a thread: None

Heap:
 PSYoungGen      total 36864K, used 7639K [0x00000000d6e00000, 0x00000000d9700000, 0x0000000100000000)
  eden space 31744K, 24% used [0x00000000d6e00000,0x00000000d7575c90,0x00000000d8d00000)
  from space 5120K, 0% used [0x00000000d9200000,0x00000000d9200000,0x00000000d9700000)
  to   space 5120K, 0% used [0x00000000d8d00000,0x00000000d8d00000,0x00000000d9200000)
 ParOldGen       total 84992K, used 0K [0x0000000084a00000, 0x0000000089d00000, 0x00000000d6e00000)
  object space 84992K, 0% used [0x0000000084a00000,0x0000000084a00000,0x0000000089d00000)
 Metaspace       used 11841K, capacity 12032K, committed 12160K, reserved 1060864K
  class space    used 1470K, capacity 1540K, committed 1664K, reserved 1048576K

Card table byte_map: [0x00007f01b7bda000,0x00007f01b7fb6000] byte_map_base: 0x00007f01b77b5000

Marking Bits: (ParMarkBitMap*) 0x00007f01cd931920
 Begin Bits: [0x00007f01a4250000, 0x00007f01a6128000)
 End Bits:   [0x00007f01a6128000, 0x00007f01a8000000)

Polling page: 0x00007f01ce5ad000

CodeCache: size=245760Kb used=2212Kb max_used=2212Kb free=243547Kb
 bounds [0x00007f01b8376000, 0x00007f01b85e6000, 0x00007f01c7376000]
 total_blobs=1032 nmethods=507 adapters=439
 compilation: enabled

Compilation events (10 events):
Event: 1.292 Thread 0x00007f01c80be800 nmethod 503 0x00007f01b859ead0 code [0x00007f01b859ec40, 0x00007f01b859ee50]
Event: 1.292 Thread 0x00007f01c80be800  504       1       java.awt.AlphaComposite::getRule (5 bytes)
Event: 1.292 Thread 0x00007f01c80be800 nmethod 504 0x00007f01b859ef50 code [0x00007f01b859f0a0, 0x00007f01b859f1b0]
Event: 1.293 Thread 0x00007f01c80be800  505       1       javax.swing.plaf.synth.SynthContext::getComponentState (5 bytes)
Event: 1.294 Thread 0x00007f01c80bc800  506       4       java.util.HashMap::putVal (300 bytes)
Event: 1.294 Thread 0x00007f01c80be800 nmethod 505 0x00007f01b859f210 code [0x00007f01b859f360, 0x00007f01b859f470]
Event: 1.294 Thread 0x00007f01c80be800  507       1       sun.font.GlyphList::getNumGlyphs (5 bytes)
Event: 1.294 Thread 0x00007f01c80be800 nmethod 507 0x00007f01b859f4d0 code [0x00007f01b859f620, 0x00007f01b859f730]
Event: 1.294 Thread 0x00007f01c80be800  508       3       sun.java2d.xr.GrowableIntArray::getCellIndex (7 bytes)
Event: 1.295 Thread 0x00007f01c80be800 nmethod 508 0x00007f01b859f790 code [0x00007f01b859f8e0, 0x00007f01b859fa30]

GC Heap History (0 events):
No events

Deoptimization events (6 events):
Event: 0.306 Thread 0x00007f01c8262000 Uncommon trap: reason=unstable_if action=reinterpret pc=0x00007f01b85439fc method=java.lang.AbstractStringBuilder.append(Ljava/lang/String;)Ljava/lang/AbstractStringBuilder; @ 1
Event: 0.307 Thread 0x00007f01c8262000 Uncommon trap: reason=unstable_if action=reinterpret pc=0x00007f01b85430c8 method=java.lang.AbstractStringBuilder.append(Ljava/lang/String;)Ljava/lang/AbstractStringBuilder; @ 1
Event: 0.337 Thread 0x00007f01c8262000 Uncommon trap: reason=class_check action=maybe_recompile pc=0x00007f01b8566be0 method=java.util.HashMap.putVal(ILjava/lang/Object;Ljava/lang/Object;ZZ)Ljava/lang/Object; @ 253
Event: 0.338 Thread 0x00007f01c8262000 Uncommon trap: reason=class_check action=maybe_recompile pc=0x00007f01b8566be0 method=java.util.HashMap.putVal(ILjava/lang/Object;Ljava/lang/Object;ZZ)Ljava/lang/Object; @ 253
Event: 0.338 Thread 0x00007f01c8262000 Uncommon trap: reason=class_check action=maybe_recompile pc=0x00007f01b8566be0 method=java.util.HashMap.putVal(ILjava/lang/Object;Ljava/lang/Object;ZZ)Ljava/lang/Object; @ 253
Event: 0.338 Thread 0x00007f01c8262000 Uncommon trap: reason=class_check action=maybe_recompile pc=0x00007f01b8566be0 method=java.util.HashMap.putVal(ILjava/lang/Object;Ljava/lang/Object;ZZ)Ljava/lang/Object; @ 253

Classes redefined (0 events):
No events

Internal exceptions (10 events):
Event: 0.278 Thread 0x00007f01c800b000 Exception <a 'java/lang/ClassNotFoundException': ToolBarSeparator> (0x00000000d72feba8) thrown at [/HUDSON/workspace/8-2-build-linux-amd64/jdk8u161/10277/hotspot/src/share/vm/classfile/systemDictionary.cpp, line 210]
Event: 0.278 Thread 0x00007f01c800b000 Exception <a 'java/lang/ClassNotFoundException': ToolTip> (0x00000000d72ff2e8) thrown at [/HUDSON/workspace/8-2-build-linux-amd64/jdk8u161/10277/hotspot/src/share/vm/classfile/systemDictionary.cpp, line 210]
Event: 0.280 Thread 0x00007f01c800b000 Exception <a 'java/lang/ClassNotFoundException': Tree> (0x00000000d72fff08) thrown at [/HUDSON/workspace/8-2-build-linux-amd64/jdk8u161/10277/hotspot/src/share/vm/classfile/systemDictionary.cpp, line 210]
Event: 0.280 Thread 0x00007f01c800b000 Exception <a 'java/lang/ClassNotFoundException': Tree> (0x00000000d7300648) thrown at [/HUDSON/workspace/8-2-build-linux-amd64/jdk8u161/10277/hotspot/src/share/vm/classfile/systemDictionary.cpp, line 210]
Event: 0.280 Thread 0x00007f01c800b000 Exception <a 'java/lang/ClassNotFoundException': javax/swing/JTreeCell> (0x00000000d73009c8) thrown at [/HUDSON/workspace/8-2-build-linux-amd64/jdk8u161/10277/hotspot/src/share/vm/classfile/systemDictionary.cpp, line 210]
Event: 0.280 Thread 0x00007f01c800b000 Exception <a 'java/lang/ClassNotFoundException': TreeCell> (0x00000000d7300e50) thrown at [/HUDSON/workspace/8-2-build-linux-amd64/jdk8u161/10277/hotspot/src/share/vm/classfile/systemDictionary.cpp, line 210]
Event: 0.280 Thread 0x00007f01c800b000 Exception <a 'java/lang/ClassNotFoundException': RootPane> (0x00000000d73018b0) thrown at [/HUDSON/workspace/8-2-build-linux-amd64/jdk8u161/10277/hotspot/src/share/vm/classfile/systemDictionary.cpp, line 210]
Event: 0.306 Thread 0x00007f01c8262000 Implicit null exception at 0x00007f01b8543635 to 0x00007f01b85439e9
Event: 0.307 Thread 0x00007f01c8262000 Implicit null exception at 0x00007f01b8542cf6 to 0x00007f01b85430b1
Event: 0.599 Thread 0x00007f01c8262000 Exception <a 'java/lang/UnsupportedOperationException': > (0x00000000d7534680) thrown at [/HUDSON/workspace/8-2-build-linux-amd64/jdk8u161/10277/hotspot/src/share/vm/prims/jni.cpp, line 735]

Events (10 events):
Event: 1.287 loading class javax/swing/JComponent$ActionStandin
Event: 1.287 loading class javax/swing/JComponent$ActionStandin done
Event: 1.288 loading class javax/swing/KeyboardManager
Event: 1.289 loading class javax/swing/KeyboardManager done
Event: 1.289 loading class javax/swing/Popup$HeavyWeightWindow
Event: 1.289 loading class sun/awt/ModalExclude
Event: 1.289 loading class sun/awt/ModalExclude done
Event: 1.289 loading class javax/swing/JWindow
Event: 1.289 loading class javax/swing/JWindow done
Event: 1.289 loading class javax/swing/Popup$HeavyWeightWindow done


Dynamic libraries:
00400000-00401000 r-xp 00000000 08:04 16911754                           /home/aayushshivam7/jdk1.8.0_161/bin/java
00600000-00601000 rw-p 00000000 08:04 16911754                           /home/aayushshivam7/jdk1.8.0_161/bin/java
01a6b000-01a8c000 rw-p 00000000 00:00 0                                  [heap]
84a00000-89d00000 rw-p 00000000 00:00 0 
89d00000-d6e00000 ---p 00000000 00:00 0 
d6e00000-d9700000 rw-p 00000000 00:00 0 
d9700000-100000000 ---p 00000000 00:00 0 
100000000-1001a0000 rw-p 00000000 00:00 0 
1001a0000-140000000 ---p 00000000 00:00 0 
7f0160000000-7f0160090000 rw-p 00000000 00:00 0 
7f0160090000-7f0164000000 ---p 00000000 00:00 0 
7f0168000000-7f0168021000 rw-p 00000000 00:00 0 
7f0168021000-7f016c000000 ---p 00000000 00:00 0 
7f016c000000-7f016c021000 rw-p 00000000 00:00 0 
7f016c021000-7f0170000000 ---p 00000000 00:00 0 
7f0170fff000-7f0174000000 rw-p 00000000 00:00 0 
7f0174000000-7f0174021000 rw-p 00000000 00:00 0 
7f0174021000-7f0178000000 ---p 00000000 00:00 0 
7f0178000000-7f0178021000 rw-p 00000000 00:00 0 
7f0178021000-7f017c000000 ---p 00000000 00:00 0 
7f017c000000-7f017c021000 rw-p 00000000 00:00 0 
7f017c021000-7f0180000000 ---p 00000000 00:00 0 
7f01818a2000-7f0181b6a000 rw-p 00000000 00:00 0 
7f0181b6a000-7f0181d2a000 ---p 00000000 00:00 0 
7f0181d2a000-7f0181d54000 r-xp 00000000 08:04 16911541                   /home/aayushshivam7/jdk1.8.0_161/jre/lib/amd64/libdcpr.so
7f0181d54000-7f0181f54000 ---p 0002a000 08:04 16911541                   /home/aayushshivam7/jdk1.8.0_161/jre/lib/amd64/libdcpr.so
7f0181f54000-7f0181f57000 rw-p 0002a000 08:04 16911541                   /home/aayushshivam7/jdk1.8.0_161/jre/lib/amd64/libdcpr.so
7f0181f57000-7f0181fc1000 r-xp 00000000 08:04 16911572                   /home/aayushshivam7/jdk1.8.0_161/jre/lib/amd64/libt2k.so
7f0181fc1000-7f01821c0000 ---p 0006a000 08:04 16911572                   /home/aayushshivam7/jdk1.8.0_161/jre/lib/amd64/libt2k.so
7f01821c0000-7f01821c7000 rw-p 00069000 08:04 16911572                   /home/aayushshivam7/jdk1.8.0_161/jre/lib/amd64/libt2k.so
7f01821c7000-7f01823d7000 rw-p 00000000 00:00 0 
7f01823d7000-7f01823da000 ---p 00000000 00:00 0 
7f01823da000-7f01824d8000 rw-p 00000000 00:00 0 
7f01824d8000-7f01824db000 ---p 00000000 00:00 0 
7f01824db000-7f01825d9000 rw-p 00000000 00:00 0 
7f01825d9000-7f01825ea000 r-xp 00000000 08:04 16911570                   /home/aayushshivam7/jdk1.8.0_161/jre/lib/amd64/libnio.so
7f01825ea000-7f01827e9000 ---p 00011000 08:04 16911570                   /home/aayushshivam7/jdk1.8.0_161/jre/lib/amd64/libnio.so
7f01827e9000-7f01827ea000 rw-p 00010000 08:04 16911570                   /home/aayushshivam7/jdk1.8.0_161/jre/lib/amd64/libnio.so
7f01827ea000-7f0182800000 r-xp 00000000 08:04 16911571                   /home/aayushshivam7/jdk1.8.0_161/jre/lib/amd64/libnet.so
7f0182800000-7f0182a00000 ---p 00016000 08:04 16911571                   /home/aayushshivam7/jdk1.8.0_161/jre/lib/amd64/libnet.so
7f0182a00000-7f0182a01000 rw-p 00016000 08:04 16911571                   /home/aayushshivam7/jdk1.8.0_161/jre/lib/amd64/libnet.so
7f0182a01000-7f0182a04000 ---p 00000000 00:00 0 
7f0182a04000-7f0182b02000 rw-p 00000000 00:00 0 
7f0182b02000-7f0182b07000 r-xp 00000000 08:04 3541424                    /usr/lib/x86_64-linux-gnu/libXfixes.so.3.1.0
7f0182b07000-7f0182d06000 ---p 00005000 08:04 3541424                    /usr/lib/x86_64-linux-gnu/libXfixes.so.3.1.0
7f0182d06000-7f0182d07000 r--p 00004000 08:04 3541424                    /usr/lib/x86_64-linux-gnu/libXfixes.so.3.1.0
7f0182d07000-7f0182d08000 rw-p 00005000 08:04 3541424                    /usr/lib/x86_64-linux-gnu/libXfixes.so.3.1.0
7f0182d08000-7f0182d11000 r-xp 00000000 08:04 3539874                    /usr/lib/x86_64-linux-gnu/libXcursor.so.1.0.2
7f0182d11000-7f0182f10000 ---p 00009000 08:04 3539874                    /usr/lib/x86_64-linux-gnu/libXcursor.so.1.0.2
7f0182f10000-7f0182f11000 r--p 00008000 08:04 3539874                    /usr/lib/x86_64-linux-gnu/libXcursor.so.1.0.2
7f0182f11000-7f0182f12000 rw-p 00009000 08:04 3539874                    /usr/lib/x86_64-linux-gnu/libXcursor.so.1.0.2
7f0182f12000-7f0182f29000 r-xp 00000000 08:04 11796561                   /lib/x86_64-linux-gnu/libgcc_s.so.1
7f0182f29000-7f0183128000 ---p 00017000 08:04 11796561                   /lib/x86_64-linux-gnu/libgcc_s.so.1
7f0183128000-7f0183129000 r--p 00016000 08:04 11796561                   /lib/x86_64-linux-gnu/libgcc_s.so.1
7f0183129000-7f018312a000 rw-p 00017000 08:04 11796561                   /lib/x86_64-linux-gnu/libgcc_s.so.1
7f018312a000-7f018318f000 r-xp 00000000 08:04 16911413                   /home/aayushshivam7/jdk1.8.0_161/jre/lib/amd64/libfontmanager.so
7f018318f000-7f018338e000 ---p 00065000 08:04 16911413                   /home/aayushshivam7/jdk1.8.0_161/jre/lib/amd64/libfontmanager.so
7f018338e000-7f0183393000 rw-p 00064000 08:04 16911413                   /home/aayushshivam7/jdk1.8.0_161/jre/lib/amd64/libfontmanager.so
7f0183393000-7f01833a3000 rw-p 00000000 00:00 0 
7f01833a3000-7f01833b6000 r-xp 00000000 08:04 11797992                   /lib/x86_64-linux-gnu/libbsd.so.0.8.7
7f01833b6000-7f01835b5000 ---p 00013000 08:04 11797992                   /lib/x86_64-linux-gnu/libbsd.so.0.8.7
7f01835b5000-7f01835b6000 r--p 00012000 08:04 11797992                   /lib/x86_64-linux-gnu/libbsd.so.0.8.7
7f01835b6000-7f01835b7000 rw-p 00013000 08:04 11797992                   /lib/x86_64-linux-gnu/libbsd.so.0.8.7
7f01835b7000-7f01835b8000 rw-p 00000000 00:00 0 
7f01835b8000-7f01835bd000 r-xp 00000000 08:04 3541415                    /usr/lib/x86_64-linux-gnu/libXdmcp.so.6.0.0
7f01835bd000-7f01837bc000 ---p 00005000 08:04 3541415                    /usr/lib/x86_64-linux-gnu/libXdmcp.so.6.0.0
7f01837bc000-7f01837bd000 r--p 00004000 08:04 3541415                    /usr/lib/x86_64-linux-gnu/libXdmcp.so.6.0.0
7f01837bd000-7f01837be000 rw-p 00005000 08:04 3541415                    /usr/lib/x86_64-linux-gnu/libXdmcp.so.6.0.0
7f01837be000-7f01837c0000 r-xp 00000000 08:04 3546874                    /usr/lib/x86_64-linux-gnu/libXau.so.6.0.0
7f01837c0000-7f01839c0000 ---p 00002000 08:04 3546874                    /usr/lib/x86_64-linux-gnu/libXau.so.6.0.0
7f01839c0000-7f01839c1000 r--p 00002000 08:04 3546874                    /usr/lib/x86_64-linux-gnu/libXau.so.6.0.0
7f01839c1000-7f01839c2000 rw-p 00003000 08:04 3546874                    /usr/lib/x86_64-linux-gnu/libXau.so.6.0.0
7f01839c2000-7f01839e8000 r-xp 00000000 08:04 3541418                    /usr/lib/x86_64-linux-gnu/libxcb.so.1.1.0
7f01839e8000-7f0183be8000 ---p 00026000 08:04 3541418                    /usr/lib/x86_64-linux-gnu/libxcb.so.1.1.0
7f0183be8000-7f0183be9000 r--p 00026000 08:04 3541418                    /usr/lib/x86_64-linux-gnu/libxcb.so.1.1.0
7f0183be9000-7f0183bea000 rw-p 00027000 08:04 3541418                    /usr/lib/x86_64-linux-gnu/libxcb.so.1.1.0
7f0183bea000-7f0183bf9000 r-xp 00000000 08:04 3541518                    /usr/lib/x86_64-linux-gnu/libXi.so.6.1.0
7f0183bf9000-7f0183df8000 ---p 0000f000 08:04 3541518                    /usr/lib/x86_64-linux-gnu/libXi.so.6.1.0
7f0183df8000-7f0183df9000 r--p 0000e000 08:04 3541518                    /usr/lib/x86_64-linux-gnu/libXi.so.6.1.0
7f0183df9000-7f0183dfa000 rw-p 0000f000 08:04 3541518                    /usr/lib/x86_64-linux-gnu/libXi.so.6.1.0
7f0183dfa000-7f0183dff000 r-xp 00000000 08:04 3549491                    /usr/lib/x86_64-linux-gnu/libXtst.so.6.1.0
7f0183dff000-7f0183ffe000 ---p 00005000 08:04 3549491                    /usr/lib/x86_64-linux-gnu/libXtst.so.6.1.0
7f0183ffe000-7f0183fff000 r--p 00004000 08:04 3549491                    /usr/lib/x86_64-linux-gnu/libXtst.so.6.1.0
7f0183fff000-7f0184000000 rw-p 00005000 08:04 3549491                    /usr/lib/x86_64-linux-gnu/libXtst.so.6.1.0
7f0184000000-7f01840de000 rw-p 00000000 00:00 0 
7f01840de000-7f0188000000 ---p 00000000 00:00 0 
7f0188000000-7f018813d000 rw-p 00000000 00:00 0 
7f018813d000-7f018c000000 ---p 00000000 00:00 0 
7f018c000000-7f018c021000 rw-p 00000000 00:00 0 
7f018c021000-7f0190000000 ---p 00000000 00:00 0 
7f0190000000-7f0190186000 rw-p 00000000 00:00 0 
7f0190186000-7f0194000000 ---p 00000000 00:00 0 
7f0194000000-7f0194021000 rw-p 00000000 00:00 0 
7f0194021000-7f0198000000 ---p 00000000 00:00 0 
7f0198000000-7f0198021000 rw-p 00000000 00:00 0 
7f0198021000-7f019c000000 ---p 00000000 00:00 0 
7f019c000000-7f019c021000 rw-p 00000000 00:00 0 
7f019c021000-7f01a0000000 ---p 00000000 00:00 0 
7f01a0000000-7f01a0021000 rw-p 00000000 00:00 0 
7f01a0021000-7f01a4000000 ---p 00000000 00:00 0 
7f01a4046000-7f01a404f000 r-xp 00000000 08:04 3541433                    /usr/lib/x86_64-linux-gnu/libXrender.so.1.3.0
7f01a404f000-7f01a424e000 ---p 00009000 08:04 3541433                    /usr/lib/x86_64-linux-gnu/libXrender.so.1.3.0
7f01a424e000-7f01a424f000 r--p 00008000 08:04 3541433                    /usr/lib/x86_64-linux-gnu/libXrender.so.1.3.0
7f01a424f000-7f01a4250000 rw-p 00009000 08:04 3541433                    /usr/lib/x86_64-linux-gnu/libXrender.so.1.3.0
7f01a4250000-7f01a8000000 rw-p 00000000 00:00 0 
7f01a8000000-7f01a8021000 rw-p 00000000 00:00 0 
7f01a8021000-7f01ac000000 ---p 00000000 00:00 0 
7f01ac000000-7f01ac021000 rw-p 00000000 00:00 0 
7f01ac021000-7f01b0000000 ---p 00000000 00:00 0 
7f01b0000000-7f01b0021000 rw-p 00000000 00:00 0 
7f01b0021000-7f01b4000000 ---p 00000000 00:00 0 
7f01b4043000-7f01b404e000 r--s 00000000 08:04 25039586                   /var/cache/fontconfig/945677eb7aeaf62f1d50efc3fb3ec7d8-le64.cache-7
7f01b404e000-7f01b4053000 r--s 00000000 08:04 25039584                   /var/cache/fontconfig/2300eef321c393bfd76478a5c0e95b23-le64.cache-7
7f01b4053000-7f01b4054000 r--s 00000000 08:04 25039570                   /var/cache/fontconfig/0d8c3b2ac0904cb8a57a757ad11a4a08-le64.cache-7
7f01b4054000-7f01b4069000 r--s 00000000 08:04 25039569                   /var/cache/fontconfig/04aabc0a78ac019cf9454389977116d2-le64.cache-7
7f01b4069000-7f01b406a000 r--s 00000000 08:04 25039560                   /var/cache/fontconfig/1ac9eb803944fde146138c791f5cc56a-le64.cache-7
7f01b406a000-7f01b406e000 r--s 00000000 08:04 25039541                   /var/cache/fontconfig/385c0604a188198f04d133e54aba7fe7-le64.cache-7
7f01b406e000-7f01b406f000 r--s 00000000 08:04 25039537                   /var/cache/fontconfig/dc05db6664285cc2f12bf69c139ae4c3-le64.cache-7
7f01b406f000-7f01b4071000 r--s 00000000 08:04 25039527                   /var/cache/fontconfig/14a5e22175779b556eaa434240950366-le64.cache-7
7f01b4071000-7f01b4072000 r--s 00000000 08:04 25039490                   /var/cache/fontconfig/660208299946a285a940457d1287da33-le64.cache-7
7f01b4072000-7f01b4074000 r--s 00000000 08:04 25039476                   /var/cache/fontconfig/4f3e3037c9980c83b53a9351efadef62-le64.cache-7
7f01b4074000-7f01b4076000 r--s 00000000 08:04 25039473                   /var/cache/fontconfig/767a8244fc0220cfb567a839d0392e0b-le64.cache-7
7f01b4076000-7f01b4077000 r--s 00000000 08:04 25039456                   /var/cache/fontconfig/4794a0821666d79190d59a36cb4f44b5-le64.cache-7
7f01b4077000-7f01b4079000 r--s 00000000 08:04 25039447                   /var/cache/fontconfig/0bd3dc0958fa2205aaaa8ebb13e2872b-le64.cache-7
7f01b4079000-7f01b4080000 r--s 00000000 08:04 25039403                   /var/cache/fontconfig/8801497958630a81b71ace7c5f9b32a8-le64.cache-7
7f01b4080000-7f01b4085000 r--s 00000000 08:04 25039383                   /var/cache/fontconfig/def309198bfa603429122923fa2bb2d4-le64.cache-7
7f01b4085000-7f01b4086000 r--s 00000000 08:04 25039190                   /var/cache/fontconfig/b872e6e592da6075ffa4ab0a1fcc0c75-le64.cache-7
7f01b4086000-7f01b4087000 r--s 00000000 08:04 25039189                   /var/cache/fontconfig/f6d4eedfaab2589bde49f7a3ff831d22-le64.cache-7
7f01b4087000-7f01b4088000 r--s 00000000 08:04 25039185                   /var/cache/fontconfig/589f83ef4c36d296ce6e1c846f468f08-le64.cache-7
7f01b4088000-7f01b4089000 r--s 00000000 08:04 25039106                   /var/cache/fontconfig/bab58bb527bb656aaa9f116d68a48d89-le64.cache-7
7f01b4089000-7f01b408a000 r--s 00000000 08:04 25039047                   /var/cache/fontconfig/2171a34dccabdb6bcbbc728186263178-le64.cache-7
7f01b408a000-7f01b408b000 r--s 00000000 08:04 25039026                   /var/cache/fontconfig/c5c45a61289222e0d30b1a26ef4effbe-le64.cache-7
7f01b408b000-7f01b408c000 r--s 00000000 08:04 25038970                   /var/cache/fontconfig/aec30016f93e1b46d1a973dce0d74068-le64.cache-7
7f01b408c000-7f01b408d000 r--s 00000000 08:04 25038963                   /var/cache/fontconfig/3f589640d34b7dc9042c8d453f7c8b9c-le64.cache-7
7f01b408d000-7f01b408e000 r--s 00000000 08:04 25038896                   /var/cache/fontconfig/16c2fda60d1b4b719f4b3d06fd951d25-le64.cache-7
7f01b408e000-7f01b408f000 r--s 00000000 08:04 25038851                   /var/cache/fontconfig/a48eab177a16e4f3713381162db2f3e9-le64.cache-7
7f01b408f000-7f01b4090000 r--s 00000000 08:04 25038802                   /var/cache/fontconfig/564b2e68ac9bc4e36a6f7f6d6125ec1c-le64.cache-7
7f01b4090000-7f01b4095000 r--s 00000000 08:04 25036294                   /var/cache/fontconfig/9d2451b1fd30e5bffe8383fd27c35478-le64.cache-7
7f01b4095000-7f01b409b000 r--s 00000000 08:04 25036200                   /var/cache/fontconfig/3047814df9a2f067bd2d96a2b9c36e5a-le64.cache-7
7f01b409b000-7f01b40a3000 r--s 00000000 08:04 25038771                   /var/cache/fontconfig/bf3b770c553c462765856025a94f1ce6-le64.cache-7
7f01b40a3000-7f01b40a4000 r--s 00000000 08:04 25038715                   /var/cache/fontconfig/56cf4f4769d0f4abc89a4895d7bd3ae1-le64.cache-7
7f01b40a4000-7f01b40a5000 r--s 00000000 08:04 25038704                   /var/cache/fontconfig/b9d506c9ac06c20b433354fa67a72993-le64.cache-7
7f01b40a5000-7f01b40ab000 r--s 00000000 08:04 25038591                   /var/cache/fontconfig/b47c4e1ecd0709278f4910c18777a504-le64.cache-7
7f01b40ab000-7f01b40be000 r--s 00000000 08:04 25038584                   /var/cache/fontconfig/d52a8644073d54c13679302ca1180695-le64.cache-7
7f01b40be000-7f01b40bf000 r--s 00000000 08:04 25038554                   /var/cache/fontconfig/370e5b74bf5dafc30834de68e24a87a4-le64.cache-7
7f01b40bf000-7f01b40c0000 r--s 00000000 08:04 25038533                   /var/cache/fontconfig/6b2c5944714ca7831b25bed9e85cb5c8-le64.cache-7
7f01b40c0000-7f01b40c1000 r--s 00000000 08:04 25038508                   /var/cache/fontconfig/d5178ab6d91b49bf20a416737dcea9e8-le64.cache-7
7f01b40c1000-7f01b40c2000 r--s 00000000 08:04 25038506                   /var/cache/fontconfig/551ecf3b0e8b0bca0f25c0944f561853-le64.cache-7
7f01b40c2000-7f01b40c5000 r--s 00000000 08:04 25038423                   /var/cache/fontconfig/f259c2cffa685e28062317905db73c4a-le64.cache-7
7f01b40c5000-7f01b40c8000 r--s 00000000 08:04 25038366                   /var/cache/fontconfig/674d1711f2d1d2a09646eb0bdcadee49-le64.cache-7
7f01b40c8000-7f01b40cb000 ---p 00000000 00:00 0 
7f01b40cb000-7f01b41c9000 rw-p 00000000 00:00 0 
7f01b41c9000-7f01b42fc000 r-xp 00000000 08:04 3542014                    /usr/lib/x86_64-linux-gnu/libX11.so.6.3.0
7f01b42fc000-7f01b44fc000 ---p 00133000 08:04 3542014                    /usr/lib/x86_64-linux-gnu/libX11.so.6.3.0
7f01b44fc000-7f01b44fd000 r--p 00133000 08:04 3542014                    /usr/lib/x86_64-linux-gnu/libX11.so.6.3.0
7f01b44fd000-7f01b4501000 rw-p 00134000 08:04 3542014                    /usr/lib/x86_64-linux-gnu/libX11.so.6.3.0
7f01b4501000-7f01b4512000 r-xp 00000000 08:04 3546887                    /usr/lib/x86_64-linux-gnu/libXext.so.6.4.0
7f01b4512000-7f01b4711000 ---p 00011000 08:04 3546887                    /usr/lib/x86_64-linux-gnu/libXext.so.6.4.0
7f01b4711000-7f01b4712000 r--p 00010000 08:04 3546887                    /usr/lib/x86_64-linux-gnu/libXext.so.6.4.0
7f01b4712000-7f01b4713000 rw-p 00011000 08:04 3546887                    /usr/lib/x86_64-linux-gnu/libXext.so.6.4.0
7f01b4713000-7f01b4715000 r--s 00000000 08:04 25038375                   /var/cache/fontconfig/550f3886151c940c12a5ed35f6a00586-le64.cache-7
7f01b4715000-7f01b4716000 r--s 00000000 08:04 25038327                   /var/cache/fontconfig/3f7329c5293ffd510edef78f73874cfd-le64.cache-7
7f01b4716000-7f01b4722000 r--s 00000000 08:04 25038320                   /var/cache/fontconfig/d589a48862398ed80a3d6066f4f56f4c-le64.cache-7
7f01b4722000-7f01b4723000 r--s 00000000 08:04 25038289                   /var/cache/fontconfig/30829fa25452a46451e813d634d7f916-le64.cache-7
7f01b4723000-7f01b4724000 r--s 00000000 08:04 25038177                   /var/cache/fontconfig/0c9eb80ebd1c36541ebe2852d3bb0c49-le64.cache-7
7f01b4724000-7f01b4725000 r--s 00000000 08:04 25038165                   /var/cache/fontconfig/22368d551a680bfe5a62c02760edf4ea-le64.cache-7
7f01b4725000-7f01b4726000 r--s 00000000 08:04 25038029                   /var/cache/fontconfig/4d9c95eba1cb85bbcf2878543262124a-le64.cache-7
7f01b4726000-7f01b4727000 r--s 00000000 08:04 25038028                   /var/cache/fontconfig/85e0a52ce643a7ba2ae53e5d6949cead-le64.cache-7
7f01b4727000-7f01b4728000 r--s 00000000 08:04 25038003                   /var/cache/fontconfig/49f0de54bdd920fe4f0dfd4cbac43e6b-le64.cache-7
7f01b4728000-7f01b472b000 r--s 00000000 08:04 25037787                   /var/cache/fontconfig/75114ca45c98e8a441da0ff356701271-le64.cache-7
7f01b472b000-7f01b4736000 r--s 00000000 08:04 25037691                   /var/cache/fontconfig/83bf95040141907cd45bb53cf7c1c148-le64.cache-7
7f01b4736000-7f01b4744000 r--s 00000000 08:04 25036446                   /var/cache/fontconfig/9b89f8e3dae116d678bbf48e5f21f69b-le64.cache-7
7f01b4744000-7f01b4746000 r--s 00000000 08:04 25037689                   /var/cache/fontconfig/6afa1bb216ce958c1589e297e8008489-le64.cache-7
7f01b4746000-7f01b4749000 r--s 00000000 08:04 25037358                   /var/cache/fontconfig/e13b20fdb08344e0e664864cc2ede53d-le64.cache-7
7f01b4749000-7f01b479d000 r-xp 00000000 08:04 16911464                   /home/aayushshivam7/jdk1.8.0_161/jre/lib/amd64/libawt_xawt.so
7f01b479d000-7f01b499d000 ---p 00054000 08:04 16911464                   /home/aayushshivam7/jdk1.8.0_161/jre/lib/amd64/libawt_xawt.so
7f01b499d000-7f01b49a1000 rw-p 00054000 08:04 16911464                   /home/aayushshivam7/jdk1.8.0_161/jre/lib/amd64/libawt_xawt.so
7f01b49a1000-7f01b49a2000 rw-p 00000000 00:00 0 
7f01b49a2000-7f01b4a44000 r-xp 00000000 08:04 16911573                   /home/aayushshivam7/jdk1.8.0_161/jre/lib/amd64/libawt.so
7f01b4a44000-7f01b4c44000 ---p 000a2000 08:04 16911573                   /home/aayushshivam7/jdk1.8.0_161/jre/lib/amd64/libawt.so
7f01b4c44000-7f01b4c50000 rw-p 000a2000 08:04 16911573                   /home/aayushshivam7/jdk1.8.0_161/jre/lib/amd64/libawt.so
7f01b4c50000-7f01b4c74000 rw-p 00000000 00:00 0 
7f01b4c74000-7f01b4d0a000 r--s 01102000 08:04 16911446                   /home/aayushshivam7/jdk1.8.0_161/jre/lib/ext/jfxrt.jar
7f01b4d0a000-7f01b4d0b000 ---p 00000000 00:00 0 
7f01b4d0b000-7f01b4e0b000 rw-p 00000000 00:00 0 
7f01b4e0b000-7f01b4e0e000 ---p 00000000 00:00 0 
7f01b4e0e000-7f01b4f0c000 rw-p 00000000 00:00 0 
7f01b4f0c000-7f01b4f0d000 ---p 00000000 00:00 0 
7f01b4f0d000-7f01b4f10000 ---p 00000000 00:00 0 
7f01b4f10000-7f01b500d000 rw-p 00000000 00:00 0 
7f01b500d000-7f01b500e000 ---p 00000000 00:00 0 
7f01b500e000-7f01b5011000 ---p 00000000 00:00 0 
7f01b5011000-7f01b510e000 rw-p 00000000 00:00 0 
7f01b510e000-7f01b510f000 ---p 00000000 00:00 0 
7f01b510f000-7f01b5112000 ---p 00000000 00:00 0 
7f01b5112000-7f01b520f000 rw-p 00000000 00:00 0 
7f01b520f000-7f01b5212000 ---p 00000000 00:00 0 
7f01b5212000-7f01b5310000 rw-p 00000000 00:00 0 
7f01b5310000-7f01b55ee000 r--p 00000000 08:04 3540588                    /usr/lib/locale/locale-archive
7f01b55ee000-7f01b55f1000 ---p 00000000 00:00 0 
7f01b55f1000-7f01b56ef000 rw-p 00000000 00:00 0 
7f01b56ef000-7f01b56f2000 ---p 00000000 00:00 0 
7f01b56f2000-7f01b57f0000 rw-p 00000000 00:00 0 
7f01b57f0000-7f01b57f1000 ---p 00000000 00:00 0 
7f01b57f1000-7f01b6891000 rw-p 00000000 00:00 0 
7f01b6891000-7f01b6a6a000 r--s 03d64000 08:04 16911702                   /home/aayushshivam7/jdk1.8.0_161/jre/lib/rt.jar
7f01b6a6a000-7f01b7645000 rw-p 00000000 00:00 0 
7f01b7645000-7f01b7646000 ---p 00000000 00:00 0 
7f01b7646000-7f01b7746000 rw-p 00000000 00:00 0 
7f01b7746000-7f01b7747000 ---p 00000000 00:00 0 
7f01b7747000-7f01b7847000 rw-p 00000000 00:00 0 
7f01b7847000-7f01b7848000 ---p 00000000 00:00 0 
7f01b7848000-7f01b7972000 rw-p 00000000 00:00 0 
7f01b7972000-7f01b7bda000 ---p 00000000 00:00 0 
7f01b7bda000-7f01b7c04000 rw-p 00000000 00:00 0 
7f01b7c04000-7f01b7e6c000 ---p 00000000 00:00 0 
7f01b7e6c000-7f01b7e81000 rw-p 00000000 00:00 0 
7f01b7e81000-7f01b7fb5000 ---p 00000000 00:00 0 
7f01b7fb5000-7f01b7fc0000 rw-p 00000000 00:00 0 
7f01b7fc0000-7f01b8376000 ---p 00000000 00:00 0 
7f01b8376000-7f01b85e6000 rwxp 00000000 00:00 0 
7f01b85e6000-7f01c7376000 ---p 00000000 00:00 0 
7f01c7376000-7f01c7391000 r-xp 00000000 08:04 16911569                   /home/aayushshivam7/jdk1.8.0_161/jre/lib/amd64/libzip.so
7f01c7391000-7f01c7591000 ---p 0001b000 08:04 16911569                   /home/aayushshivam7/jdk1.8.0_161/jre/lib/amd64/libzip.so
7f01c7591000-7f01c7592000 rw-p 0001b000 08:04 16911569                   /home/aayushshivam7/jdk1.8.0_161/jre/lib/amd64/libzip.so
7f01c7592000-7f01c759d000 r-xp 00000000 08:04 11803153                   /lib/x86_64-linux-gnu/libnss_files-2.27.so
7f01c759d000-7f01c779c000 ---p 0000b000 08:04 11803153                   /lib/x86_64-linux-gnu/libnss_files-2.27.so
7f01c779c000-7f01c779d000 r--p 0000a000 08:04 11803153                   /lib/x86_64-linux-gnu/libnss_files-2.27.so
7f01c779d000-7f01c779e000 rw-p 0000b000 08:04 11803153                   /lib/x86_64-linux-gnu/libnss_files-2.27.so
7f01c779e000-7f01c77a4000 rw-p 00000000 00:00 0 
7f01c77a4000-7f01c77bb000 r-xp 00000000 08:04 11803150                   /lib/x86_64-linux-gnu/libnsl-2.27.so
7f01c77bb000-7f01c79ba000 ---p 00017000 08:04 11803150                   /lib/x86_64-linux-gnu/libnsl-2.27.so
7f01c79ba000-7f01c79bb000 r--p 00016000 08:04 11803150                   /lib/x86_64-linux-gnu/libnsl-2.27.so
7f01c79bb000-7f01c79bc000 rw-p 00017000 08:04 11803150                   /lib/x86_64-linux-gnu/libnsl-2.27.so
7f01c79bc000-7f01c79be000 rw-p 00000000 00:00 0 
7f01c79be000-7f01c79c9000 r-xp 00000000 08:04 11803155                   /lib/x86_64-linux-gnu/libnss_nis-2.27.so
7f01c79c9000-7f01c7bc8000 ---p 0000b000 08:04 11803155                   /lib/x86_64-linux-gnu/libnss_nis-2.27.so
7f01c7bc8000-7f01c7bc9000 r--p 0000a000 08:04 11803155                   /lib/x86_64-linux-gnu/libnss_nis-2.27.so
7f01c7bc9000-7f01c7bca000 rw-p 0000b000 08:04 11803155                   /lib/x86_64-linux-gnu/libnss_nis-2.27.so
7f01c7bca000-7f01c7bd2000 r-xp 00000000 08:04 11803151                   /lib/x86_64-linux-gnu/libnss_compat-2.27.so
7f01c7bd2000-7f01c7dd2000 ---p 00008000 08:04 11803151                   /lib/x86_64-linux-gnu/libnss_compat-2.27.so
7f01c7dd2000-7f01c7dd3000 r--p 00008000 08:04 11803151                   /lib/x86_64-linux-gnu/libnss_compat-2.27.so
7f01c7dd3000-7f01c7dd4000 rw-p 00009000 08:04 11803151                   /lib/x86_64-linux-gnu/libnss_compat-2.27.so
7f01c7dd4000-7f01c7dff000 r-xp 00000000 08:04 16911543                   /home/aayushshivam7/jdk1.8.0_161/jre/lib/amd64/libjava.so
7f01c7dff000-7f01c7ffe000 ---p 0002b000 08:04 16911543                   /home/aayushshivam7/jdk1.8.0_161/jre/lib/amd64/libjava.so
7f01c7ffe000-7f01c8000000 rw-p 0002a000 08:04 16911543                   /home/aayushshivam7/jdk1.8.0_161/jre/lib/amd64/libjava.so
7f01c8000000-7f01c82e1000 rw-p 00000000 00:00 0 
7f01c82e1000-7f01cc000000 ---p 00000000 00:00 0 
7f01cc000000-7f01cc001000 r--s 00000000 08:04 25037949                   /var/cache/fontconfig/f6e6e0a5c3d2f6ae0c0c2e0ecd42a997-le64.cache-7
7f01cc001000-7f01cc005000 r--s 00000000 08:04 25037853                   /var/cache/fontconfig/7ef2298fde41cc6eeb7af42e48b7d293-le64.cache-7
7f01cc005000-7f01cc00b000 r--s 002f8000 08:04 16911465                   /home/aayushshivam7/jdk1.8.0_161/jre/lib/charsets.jar
7f01cc00b000-7f01cc015000 r--s 000eb000 08:04 15995302                   /home/aayushshivam7/Desktop/mysql-connector-java-5.1.44/mysql-connector-java-5.1.44-bin.jar
7f01cc015000-7f01cc0ac000 rw-p 00000000 00:00 0 
7f01cc0ac000-7f01cc0ad000 ---p 00000000 00:00 0 
7f01cc0ad000-7f01cc1ad000 rw-p 00000000 00:00 0 
7f01cc1ad000-7f01cc1ba000 r-xp 00000000 08:04 16911506                   /home/aayushshivam7/jdk1.8.0_161/jre/lib/amd64/libverify.so
7f01cc1ba000-7f01cc3ba000 ---p 0000d000 08:04 16911506                   /home/aayushshivam7/jdk1.8.0_161/jre/lib/amd64/libverify.so
7f01cc3ba000-7f01cc3bc000 rw-p 0000d000 08:04 16911506                   /home/aayushshivam7/jdk1.8.0_161/jre/lib/amd64/libverify.so
7f01cc3bc000-7f01cc3c3000 r-xp 00000000 08:04 11803160                   /lib/x86_64-linux-gnu/librt-2.27.so
7f01cc3c3000-7f01cc5c2000 ---p 00007000 08:04 11803160                   /lib/x86_64-linux-gnu/librt-2.27.so
7f01cc5c2000-7f01cc5c3000 r--p 00006000 08:04 11803160                   /lib/x86_64-linux-gnu/librt-2.27.so
7f01cc5c3000-7f01cc5c4000 rw-p 00007000 08:04 11803160                   /lib/x86_64-linux-gnu/librt-2.27.so
7f01cc5c4000-7f01cc761000 r-xp 00000000 08:04 11803147                   /lib/x86_64-linux-gnu/libm-2.27.so
7f01cc761000-7f01cc960000 ---p 0019d000 08:04 11803147                   /lib/x86_64-linux-gnu/libm-2.27.so
7f01cc960000-7f01cc961000 r--p 0019c000 08:04 11803147                   /lib/x86_64-linux-gnu/libm-2.27.so
7f01cc961000-7f01cc962000 rw-p 0019d000 08:04 11803147                   /lib/x86_64-linux-gnu/libm-2.27.so
7f01cc962000-7f01cd63b000 r-xp 00000000 08:04 16911424                   /home/aayushshivam7/jdk1.8.0_161/jre/lib/amd64/server/libjvm.so
7f01cd63b000-7f01cd83a000 ---p 00cd9000 08:04 16911424                   /home/aayushshivam7/jdk1.8.0_161/jre/lib/amd64/server/libjvm.so
7f01cd83a000-7f01cd913000 rw-p 00cd8000 08:04 16911424                   /home/aayushshivam7/jdk1.8.0_161/jre/lib/amd64/server/libjvm.so
7f01cd913000-7f01cd95f000 rw-p 00000000 00:00 0 
7f01cd95f000-7f01cdb46000 r-xp 00000000 08:04 11803143                   /lib/x86_64-linux-gnu/libc-2.27.so
7f01cdb46000-7f01cdd46000 ---p 001e7000 08:04 11803143                   /lib/x86_64-linux-gnu/libc-2.27.so
7f01cdd46000-7f01cdd4a000 r--p 001e7000 08:04 11803143                   /lib/x86_64-linux-gnu/libc-2.27.so
7f01cdd4a000-7f01cdd4c000 rw-p 001eb000 08:04 11803143                   /lib/x86_64-linux-gnu/libc-2.27.so
7f01cdd4c000-7f01cdd50000 rw-p 00000000 00:00 0 
7f01cdd50000-7f01cdd53000 r-xp 00000000 08:04 11803146                   /lib/x86_64-linux-gnu/libdl-2.27.so
7f01cdd53000-7f01cdf52000 ---p 00003000 08:04 11803146                   /lib/x86_64-linux-gnu/libdl-2.27.so
7f01cdf52000-7f01cdf53000 r--p 00002000 08:04 11803146                   /lib/x86_64-linux-gnu/libdl-2.27.so
7f01cdf53000-7f01cdf54000 rw-p 00003000 08:04 11803146                   /lib/x86_64-linux-gnu/libdl-2.27.so
7f01cdf54000-7f01cdf6a000 r-xp 00000000 08:04 16911578                   /home/aayushshivam7/jdk1.8.0_161/lib/amd64/jli/libjli.so
7f01cdf6a000-7f01ce169000 ---p 00016000 08:04 16911578                   /home/aayushshivam7/jdk1.8.0_161/lib/amd64/jli/libjli.so
7f01ce169000-7f01ce16a000 rw-p 00015000 08:04 16911578                   /home/aayushshivam7/jdk1.8.0_161/lib/amd64/jli/libjli.so
7f01ce16a000-7f01ce184000 r-xp 00000000 08:04 11803158                   /lib/x86_64-linux-gnu/libpthread-2.27.so
7f01ce184000-7f01ce383000 ---p 0001a000 08:04 11803158                   /lib/x86_64-linux-gnu/libpthread-2.27.so
7f01ce383000-7f01ce384000 r--p 00019000 08:04 11803158                   /lib/x86_64-linux-gnu/libpthread-2.27.so
7f01ce384000-7f01ce385000 rw-p 0001a000 08:04 11803158                   /lib/x86_64-linux-gnu/libpthread-2.27.so
7f01ce385000-7f01ce389000 rw-p 00000000 00:00 0 
7f01ce389000-7f01ce3b0000 r-xp 00000000 08:04 11801059                   /lib/x86_64-linux-gnu/ld-2.27.so
7f01ce3b0000-7f01ce475000 rw-p 00000000 00:00 0 
7f01ce475000-7f01ce476000 ---p 00000000 00:00 0 
7f01ce476000-7f01ce479000 ---p 00000000 00:00 0 
7f01ce479000-7f01ce578000 rw-p 00000000 00:00 0 
7f01ce578000-7f01ce579000 r--s 00000000 08:04 25037869                   /var/cache/fontconfig/4b2eda6bb976bda485cb2176619421d5-le64.cache-7
7f01ce579000-7f01ce57d000 r--s 004f8000 08:04 15731864                   /home/aayushshivam7/Downloads/material-ui-swing.jar
7f01ce57d000-7f01ce5a4000 rw-p 00000000 00:00 0 
7f01ce5a4000-7f01ce5ac000 rw-s 00000000 08:04 8785073                    /tmp/hsperfdata_aayushshivam7/6967
7f01ce5ac000-7f01ce5ad000 rw-p 00000000 00:00 0 
7f01ce5ad000-7f01ce5ae000 r--p 00000000 00:00 0 
7f01ce5ae000-7f01ce5b0000 rw-p 00000000 00:00 0 
7f01ce5b0000-7f01ce5b1000 r--p 00027000 08:04 11801059                   /lib/x86_64-linux-gnu/ld-2.27.so
7f01ce5b1000-7f01ce5b2000 rw-p 00028000 08:04 11801059                   /lib/x86_64-linux-gnu/ld-2.27.so
7f01ce5b2000-7f01ce5b3000 rw-p 00000000 00:00 0 
7fff42fc1000-7fff42fe2000 rw-p 00000000 00:00 0                          [stack]
7fff42fe7000-7fff42fea000 r--p 00000000 00:00 0                          [vvar]
7fff42fea000-7fff42fec000 r-xp 00000000 00:00 0                          [vdso]
ffffffffff600000-ffffffffff601000 r-xp 00000000 00:00 0                  [vsyscall]

VM Arguments:
jvm_args: -Dfile.encoding=UTF-8 
java_command: PeerClient.Peer
java_class_path (initial): /home/aayushshivam7/Desktop/mysql-connector-java-5.1.44/mysql-connector-java-5.1.44-bin.jar:/home/aayushshivam7/Downloads/material-ui-swing.jar:/home/aayushshivam7/Desktop/JMF-2.1.1e:/home/aayushshivam7/NetBeansProjects/PeerClient_1/build/classes
Launcher Type: SUN_STANDARD

Environment Variables:
PATH=/home/aayushshivam7/bin:/home/aayushshivam7/.local/bin:/usr/local/sbin:/usr/local/bin:/usr/sbin:/usr/bin:/sbin:/bin:/usr/games:/usr/local/games:/snap/bin
USERNAME=aayushshivam7
LD_LIBRARY_PATH=/home/aayushshivam7/jdk1.8.0_161/jre/lib/amd64:/home/aayushshivam7/jdk1.8.0_161/jre/lib/i386:
SHELL=/bin/bash
DISPLAY=:0

Signal Handlers:
SIGSEGV: [libjvm.so+0xad01e0], sa_mask[0]=11111111011111111101111111111110, sa_flags=SA_RESTART|SA_SIGINFO
SIGBUS: [libjvm.so+0xad01e0], sa_mask[0]=11111111011111111101111111111110, sa_flags=SA_RESTART|SA_SIGINFO
SIGFPE: [libjvm.so+0x927fb0], sa_mask[0]=11111111011111111101111111111110, sa_flags=SA_RESTART|SA_SIGINFO
SIGPIPE: [libjvm.so+0x927fb0], sa_mask[0]=11111111011111111101111111111110, sa_flags=SA_RESTART|SA_SIGINFO
SIGXFSZ: [libjvm.so+0x927fb0], sa_mask[0]=11111111011111111101111111111110, sa_flags=SA_RESTART|SA_SIGINFO
SIGILL: [libjvm.so+0x927fb0], sa_mask[0]=11111111011111111101111111111110, sa_flags=SA_RESTART|SA_SIGINFO
SIGUSR1: SIG_DFL, sa_mask[0]=00000000000000000000000000000000, sa_flags=none
SIGUSR2: [libjvm.so+0x9297f0], sa_mask[0]=00100000000000000000000000000000, sa_flags=SA_RESTART|SA_SIGINFO
SIGHUP: [libjvm.so+0x92abf0], sa_mask[0]=11111111011111111101111111111110, sa_flags=SA_RESTART|SA_SIGINFO
SIGINT: SIG_IGN, sa_mask[0]=00000000000000000000000000000000, sa_flags=none
SIGTERM: [libjvm.so+0x92abf0], sa_mask[0]=11111111011111111101111111111110, sa_flags=SA_RESTART|SA_SIGINFO
SIGQUIT: [libjvm.so+0x92abf0], sa_mask[0]=11111111011111111101111111111110, sa_flags=SA_RESTART|SA_SIGINFO


---------------  S Y S T E M  ---------------

OS:DISTRIB_ID=Ubuntu
DISTRIB_RELEASE=18.04
DISTRIB_CODENAME=bionic
DISTRIB_DESCRIPTION="Ubuntu 18.04.1 LTS"

uname:Linux 4.15.0-34-generic #37-Ubuntu SMP Mon Aug 27 15:21:48 UTC 2018 x86_64
libc:glibc 2.27 NPTL 2.27 
rlimit: STACK 8192k, CORE 0k, NPROC 31341, NOFILE 1048576, AS infinity
load average:1.05 0.78 1.11

/proc/meminfo:
MemTotal:        8083860 kB
MemFree:         2728896 kB
MemAvailable:    4403352 kB
Buffers:          235608 kB
Cached:          2273708 kB
SwapCached:            0 kB
Active:          3240264 kB
Inactive:        1727120 kB
Active(anon):    2459620 kB
Inactive(anon):   676176 kB
Active(file):     780644 kB
Inactive(file):  1050944 kB
Unevictable:         368 kB
Mlocked:             368 kB
SwapTotal:             0 kB
SwapFree:              0 kB
Dirty:              1484 kB
Writeback:             0 kB
AnonPages:       2458336 kB
Mapped:           751972 kB
Shmem:            677732 kB
Slab:             203592 kB
SReclaimable:     136572 kB
SUnreclaim:        67020 kB
KernelStack:       14976 kB
PageTables:        72300 kB
NFS_Unstable:          0 kB
Bounce:                0 kB
WritebackTmp:          0 kB
CommitLimit:     4041928 kB
Committed_AS:   11369024 kB
VmallocTotal:   34359738367 kB
VmallocUsed:           0 kB
VmallocChunk:          0 kB
HardwareCorrupted:     0 kB
AnonHugePages:         0 kB
ShmemHugePages:        0 kB
ShmemPmdMapped:        0 kB
CmaTotal:              0 kB
CmaFree:               0 kB
HugePages_Total:       0
HugePages_Free:        0
HugePages_Rsvd:        0
HugePages_Surp:        0
Hugepagesize:       2048 kB
DirectMap4k:      222520 kB
DirectMap2M:     7032832 kB
DirectMap1G:     1048576 kB


CPU:total 4 (initial active 4) (2 cores per cpu, 2 threads per core) family 6 model 142 stepping 9, cmov, cx8, fxsr, mmx, sse, sse2, sse3, ssse3, sse4.1, sse4.2, popcnt, avx, avx2, aes, clmul, erms, 3dnowpref, lzcnt, ht, tsc, tscinvbit, bmi1, bmi2, adx

/proc/cpuinfo:
processor	: 0
vendor_id	: GenuineIntel
cpu family	: 6
model		: 142
model name	: Intel(R) Core(TM) i5-7200U CPU @ 2.50GHz
stepping	: 9
microcode	: 0x8e
cpu MHz		: 2592.780
cache size	: 3072 KB
physical id	: 0
siblings	: 4
core id		: 0
cpu cores	: 2
apicid		: 0
initial apicid	: 0
fpu		: yes
fpu_exception	: yes
cpuid level	: 22
wp		: yes
flags		: fpu vme de pse tsc msr pae mce cx8 apic sep mtrr pge mca cmov pat pse36 clflush dts acpi mmx fxsr sse sse2 ss ht tm pbe syscall nx pdpe1gb rdtscp lm constant_tsc art arch_perfmon pebs bts rep_good nopl xtopology nonstop_tsc cpuid aperfmperf tsc_known_freq pni pclmulqdq dtes64 monitor ds_cpl vmx est tm2 ssse3 sdbg fma cx16 xtpr pdcm pcid sse4_1 sse4_2 x2apic movbe popcnt tsc_deadline_timer aes xsave avx f16c rdrand lahf_lm abm 3dnowprefetch cpuid_fault epb invpcid_single pti ssbd ibrs ibpb stibp tpr_shadow vnmi flexpriority ept vpid fsgsbase tsc_adjust bmi1 avx2 smep bmi2 erms invpcid mpx rdseed adx smap clflushopt intel_pt xsaveopt xsavec xgetbv1 xsaves dtherm ida arat pln pts hwp hwp_notify hwp_act_window hwp_epp flush_l1d
bugs		: cpu_meltdown spectre_v1 spectre_v2 spec_store_bypass l1tf
bogomips	: 5424.00
clflush size	: 64
cache_alignment	: 64
address sizes	: 39 bits physical, 48 bits virtual
power management:

processor	: 1
vendor_id	: GenuineIntel
cpu family	: 6
model		: 142
model name	: Intel(R) Core(TM) i5-7200U CPU @ 2.50GHz
stepping	: 9
microcode	: 0x8e
cpu MHz		: 2525.139
cache size	: 3072 KB
physical id	: 0
siblings	: 4
core id		: 1
cpu cores	: 2
apicid		: 2
initial apicid	: 2
fpu		: yes
fpu_exception	: yes
cpuid level	: 22
wp		: yes
flags		: fpu vme de pse tsc msr pae mce cx8 apic sep mtrr pge mca cmov pat pse36 clflush dts acpi mmx fxsr sse sse2 ss ht tm pbe syscall nx pdpe1gb rdtscp lm constant_tsc art arch_perfmon pebs bts rep_good nopl xtopology nonstop_tsc cpuid aperfmperf tsc_known_freq pni pclmulqdq dtes64 monitor ds_cpl vmx est tm2 ssse3 sdbg fma cx16 xtpr pdcm pcid sse4_1 sse4_2 x2apic movbe popcnt tsc_deadline_timer aes xsave avx f16c rdrand lahf_lm abm 3dnowprefetch cpuid_fault epb invpcid_single pti ssbd ibrs ibpb stibp tpr_shadow vnmi flexpriority ept vpid fsgsbase tsc_adjust bmi1 avx2 smep bmi2 erms invpcid mpx rdseed adx smap clflushopt intel_pt xsaveopt xsavec xgetbv1 xsaves dtherm ida arat pln pts hwp hwp_notify hwp_act_window hwp_epp flush_l1d
bugs		: cpu_meltdown spectre_v1 spectre_v2 spec_store_bypass l1tf
bogomips	: 5424.00
clflush size	: 64
cache_alignment	: 64
address sizes	: 39 bits physical, 48 bits virtual
power management:

processor	: 2
vendor_id	: GenuineIntel
cpu family	: 6
model		: 142
model name	: Intel(R) Core(TM) i5-7200U CPU @ 2.50GHz
stepping	: 9
microcode	: 0x8e
cpu MHz		: 2910.961
cache size	: 3072 KB
physical id	: 0
siblings	: 4
core id		: 0
cpu cores	: 2
apicid		: 1
initial apicid	: 1
fpu		: yes
fpu_exception	: yes
cpuid level	: 22
wp		: yes
flags		: fpu vme de pse tsc msr pae mce cx8 apic sep mtrr pge mca cmov pat pse36 clflush dts acpi mmx fxsr sse sse2 ss ht tm pbe syscall nx pdpe1gb rdtscp lm constant_tsc art arch_perfmon pebs bts rep_good nopl xtopology nonstop_tsc cpuid aperfmperf tsc_known_freq pni pclmulqdq dtes64 monitor ds_cpl vmx est tm2 ssse3 sdbg fma cx16 xtpr pdcm pcid sse4_1 sse4_2 x2apic movbe popcnt tsc_deadline_timer aes xsave avx f16c rdrand lahf_lm abm 3dnowprefetch cpuid_fault epb invpcid_single pti ssbd ibrs ibpb stibp tpr_shadow vnmi flexpriority ept vpid fsgsbase tsc_adjust bmi1 avx2 smep bmi2 erms invpcid mpx rdseed adx smap clflushopt intel_pt xsaveopt xsavec xgetbv1 xsaves dtherm ida arat pln pts hwp hwp_notify hwp_act_window hwp_epp flush_l1d
bugs		: cpu_meltdown spectre_v1 spectre_v2 spec_store_bypass l1tf
bogomips	: 5424.00
clflush size	: 64
cache_alignment	: 64
address sizes	: 39 bits physical, 48 bits virtual
power management:

processor	: 3
vendor_id	: GenuineIntel
cpu family	: 6
model		: 142
model name	: Intel(R) Core(TM) i5-7200U CPU @ 2.50GHz
stepping	: 9
microcode	: 0x8e
cpu MHz		: 2519.193
cache size	: 3072 KB
physical id	: 0
siblings	: 4
core id		: 1
cpu cores	: 2
apicid		: 3
initial apicid	: 3
fpu		: yes
fpu_exception	: yes
cpuid level	: 22
wp		: yes
flags		: fpu vme de pse tsc msr pae mce cx8 apic sep mtrr pge mca cmov pat pse36 clflush dts acpi mmx fxsr sse sse2 ss ht tm pbe syscall nx pdpe1gb rdtscp lm constant_tsc art arch_perfmon pebs bts rep_good nopl xtopology nonstop_tsc cpuid aperfmperf tsc_known_freq pni pclmulqdq dtes64 monitor ds_cpl vmx est tm2 ssse3 sdbg fma cx16 xtpr pdcm pcid sse4_1 sse4_2 x2apic movbe popcnt tsc_deadline_timer aes xsave avx f16c rdrand lahf_lm abm 3dnowprefetch cpuid_fault epb invpcid_single pti ssbd ibrs ibpb stibp tpr_shadow vnmi flexpriority ept vpid fsgsbase tsc_adjust bmi1 avx2 smep bmi2 erms invpcid mpx rdseed adx smap clflushopt intel_pt xsaveopt xsavec xgetbv1 xsaves dtherm ida arat pln pts hwp hwp_notify hwp_act_window hwp_epp flush_l1d
bugs		: cpu_meltdown spectre_v1 spectre_v2 spec_store_bypass l1tf
bogomips	: 5424.00
clflush size	: 64
cache_alignment	: 64
address sizes	: 39 bits physical, 48 bits virtual
power management:



Memory: 4k page, physical 8083860k(2728888k free), swap 0k(0k free)

vm_info: Java HotSpot(TM) 64-Bit Server VM (25.161-b12) for linux-amd64 JRE (1.8.0_161-b12), built on Dec 19 2017 16:12:43 by "java_re" with gcc 4.3.0 20080428 (Red Hat 4.3.0-8)

time: Mon Sep 24 17:48:36 2018
elapsed time: 1 seconds (0d 0h 0m 1s)

