#
# A fatal error has been detected by the Java Runtime Environment:
#
#  SIGSEGV (0xb) at pc=0x00007ff490d883c1, pid=22235, tid=0x00007ff469e82700
#
# JRE version: Java(TM) SE Runtime Environment (8.0_161-b12) (build 1.8.0_161-b12)
# Java VM: Java HotSpot(TM) 64-Bit Server VM (25.161-b12 mixed mode linux-amd64 compressed oops)
# Problematic frame:
# C  [libc.so.6+0x7f3c1]  fread+0x41
#
# Failed to write core dump. Core dumps have been disabled. To enable core dumping, try "ulimit -c unlimited" before starting Java again
#
# If you would like to submit a bug report, please visit:
#   http://bugreport.java.com/bugreport/crash.jsp
#

---------------  T H R E A D  ---------------

Current thread (0x00007ff48822a000):  JavaThread "AWT-XAWT" daemon [_thread_in_vm, id=22255, stack(0x00007ff469d82000,0x00007ff469e83000)]

siginfo: 
[error occurred during error reporting (printing siginfo), id 0xb]

Registers:
RAX=0x00000000000099c0, RBX=0x00000000080099c0, RCX=0x00007ff438004a88, RDX=0x0000000000000008
RSP=0x00007ff469e7de50, RBP=0x00007ff430004870, RSI=0x00007ff438004aa0, RDI=0x00007ff4380183f8
R8 =0x0000000000000010, R9 =0x00007ff4380183e0, R10=0x00007ff438004950, R11=0x00007ff4380192f0
R12=0x0000000008000001, R13=0x00000000000099c0, R14=0x00007ff461e7def0, R15=0x00007ff469e7f140
RIP=0x00007ff490d883c1, EFLAGS=0x0000000000010206, CSGSFS=0x002b000000000033, ERR=0x0000000000000004
  TRAPNO=0x000000000000000e

Top of Stack: (sp=0x00007ff469e7de50)
0x00007ff469e7de50:   0000000000058518 00007ff43800f8e0
0x00007ff469e7de60:   00007ff469e7dea0 00007ff438004870
0x00007ff469e7de70:   0000000000058518 00007ff490280735
0x00007ff469e7de80:   00007ff461e7df70 00007ff469e7df70
0x00007ff469e7de90:   00007ff43000f8e0 000000000000001d
0x00007ff469e7dea0:   00007ff461e7df50 00007ff49027f5f2
0x00007ff469e7deb0:   0000000208000001 0000000000000000
0x00007ff469e7dec0:   0000000000000000 0000000000058558
0x00007ff469e7ded0:   00000000000099c0 000003720000001e
0x00007ff469e7dee0:   0000000000000008 0000000000000018
0x00007ff469e7def0:   0000000200000001 0000000000000000
0x00007ff469e7df00:   0000000000000000 0000000000058558
0x00007ff469e7df10:   00000000000099c0 000003720800001e
0x00007ff469e7df20:   0000000000000008 0000000008000018
0x00007ff469e7df30:   00007ff469e7e0e0 0000000008000001
0x00007ff469e7df40:   00007ff469e7df70 0000000000000020
0x00007ff469e7df50:   00007ff469e7e0c0 00007ff49063a002
0x00007ff469e7df60:   00000000696594c0 000000008d690c40
0x00007ff469e7df70:   0000000000000000 00007ff424051350
0x00007ff469e7df80:   00007ff438004870 00010102464c457f
0x00007ff469e7df90:   0000000000000000 00000001003e0003
0x00007ff469e7dfa0:   00000000000127a0 0000000000000040
0x00007ff469e7dfb0:   0000000000057d98 0038004000000000
0x00007ff469e7dfc0:   001c001f00400006 00007ff438002160
0x00007ff469e7dfd0:   00007ff43800f760 0000000000000000
0x00007ff469e7dfe0:   00007ff400000000 00000000696b0006
0x00007ff469e7dff0:   000000000000002f 000000000000000b
0x00007ff469e7e000:   0000000000000000 0000000000000000
