#
# A fatal error has been detected by the Java Runtime Environment:
#
#  SIGSEGV (0xb) at pc=0x00007f7c6e879a62, pid=8584, tid=0x00007f7c3c301700
#
# JRE version: Java(TM) SE Runtime Environment (8.0_161-b12) (build 1.8.0_161-b12)
# Java VM: Java HotSpot(TM) 64-Bit Server VM (25.161-b12 mixed mode linux-amd64 compressed oops)
# Problematic frame:
# C  [libverify.so+0x6a62]  pop_stack+0x1c2
#
# Failed to write core dump. Core dumps have been disabled. To enable core dumping, try "ulimit -c unlimited" before starting Java again
#
# If you would like to submit a bug report, please visit:
#   http://bugreport.java.com/bugreport/crash.jsp
# The crash happened outside the Java Virtual Machine in native code.
# See problematic frame for where to report the bug.
#

---------------  T H R E A D  ---------------

Current thread (0x00007f7c680ca000):  JavaThread "Thread-0" [_thread_in_native, id=10079, stack(0x00007f7c3c201000,0x00007f7c3c302000)]

siginfo: si_signo: 11 (SIGSEGV), si_code: 1 (SEGV_MAPERR), si_addr: 0x00007f7ceea80160

Registers:
RAX=0x0000000080000120, RBX=0x00007f7c1c0200a0, RCX=0x0000000008000012, RDX=0x00007f7c6ea80040
RSP=0x00007f7c3c2ff0d0, RBP=0x00007f7c3c2ff670, RSI=0x0000000000000001, RDI=0x00007f7c3c2ff9d0
R8 =0x00007f7c3c2ff7e0, R9 =0x0000000000000000, R10=0x0000000000000010, R11=0x00007f7c700e0460
R12=0x0000000000000010, R13=0x0000000000000059, R14=0x00007f7c3c2ff9d0, R15=0x00007f7c1c02c080
RIP=0x00007f7c6e879a62, EFLAGS=0x0000000000010202, CSGSFS=0x002b000000000033, ERR=0x0000000000000004
  TRAPNO=0x000000000000000e

Top of Stack: (sp=0x00007f7c3c2ff0d0)
0x00007f7c3c2ff0d0:   00007f7c3c2ff0d0 00007f7c3c2ff630
0x00007f7c3c2ff0e0:   00007f7c3c2ff63c 00007f7c3c2ff7e0
0x00007f7c3c2ff0f0:   00007f7c3c2ff9d0 00007f7c1c01fb20
0x00007f7c3c2ff100:   00007f7c1c0200a0 0000000108000012
0x00007f7c3c2ff110:   00007f7c6e87e1f7 00007f7c3c2ff520
0x00007f7c3c2ff120:   00000000003609d6 00007f7c6e873ae9
0x00007f7c3c2ff130:   00007f7c6e8737c8 00007f7c70026a6c
0x00007f7c3c2ff140:   00007f7c00008002 0000000000000000
0x00007f7c3c2ff150:   00007f7c3c2ff250 0000000000000003
0x00007f7c3c2ff160:   00007f7c3c2ff240 00007f7c00000000
0x00007f7c3c2ff170:   0000000000b2f3c0 0000000000000000
0x00007f7c3c2ff180:   0000000000000008 00007f7c70c750f0
0x00007f7c3c2ff190:   00007f7c3c2ff200 000000000d827590
0x00007f7c3c2ff1a0:   00007f7c6800fdb0 00007f7c3c2ff2e8
0x00007f7c3c2ff1b0:   00007f7c68002000 00007f7c680019d0
0x00007f7c3c2ff1c0:   0000000000000000 00007f7c70a5a1ef
0x00007f7c3c2ff1d0:   0000000000000004 00007f7c68002000
0x00007f7c3c2ff1e0:   0000000000000005 0000000000000000
0x00007f7c3c2ff1f0:   0000000000000001 00007f7c680019d0
0x00007f7c3c2ff200:   00007f7c6e873ae9 000000011c000c90
0x00007f7c3c2ff210:   00007f7c3c2ff240 00007f7c3c2ff250
0x00007f7c3c2ff220:   00007f7c6800fdb0 0000000000000000
0x00007f7c3c2ff230:   0000000000000005 00007f7c70a59f5f
0x00007f7c3c2ff240:   00000000ffffffff 00007f7c681297e0
0x00007f7c3c2ff250:   00007f7c7002fd70 00007f7c70c750f0
0x00007f7c3c2ff260:   0000000001fb4af4 00007f7c6e873a4e
0x00007f7c3c2ff270:   00007f7c6e873768 00007f7c6f029dfc
0x00007f7c3c2ff280:   0000000000000002 00007f7c00000000
0x00007f7c3c2ff290:   00007f7c3c2ff390 00007f7c6ea811c8
0x00007f7c3c2ff2a0:   00007f7c3c2ff840 00007f7c3c2ff710
0x00007f7c3c2ff2b0:   00007f7c2c0046f2 0000000000000000
0x00007f7c3c2ff2c0:   00007f7c3c2ff950 00007f7c70a5eec3 

Instructions: (pc=0x00007f7c6e879a62)
0x00007f7c6e879a42:   98 fa ff ff 00 01 00 00 0f 84 d7 fe ff ff 48 63
0x00007f7c6e879a52:   85 98 fa ff ff 48 8b 15 52 76 20 00 48 c1 e0 04
0x00007f7c6e879a62:   48 8b 04 02 48 89 85 a0 fa ff ff 48 8b bd a0 fa
0x00007f7c6e879a72:   ff ff e8 3f d6 ff ff 48 03 85 a0 fa ff ff 48 39 

Register to memory mapping:

RAX=0x0000000080000120 is an unknown value
RBX=0x00007f7c1c0200a0 is an unknown value
RCX=0x0000000008000012 is an unknown value
RDX=0x00007f7c6ea80040: <offset 0x20d040> in /home/aayushshivam7/jdk1.8.0_161/jre/lib/amd64/libverify.so at 0x00007f7c6e873000
RSP=0x00007f7c3c2ff0d0 is pointing into the stack for thread: 0x00007f7c680ca000
RBP=0x00007f7c3c2ff670 is pointing into the stack for thread: 0x00007f7c680ca000
RSI=0x0000000000000001 is an unknown value
RDI=0x00007f7c3c2ff9d0 is pointing into the stack for thread: 0x00007f7c680ca000
R8 =0x00007f7c3c2ff7e0 is pointing into the stack for thread: 0x00007f7c680ca000
R9 =0x0000000000000000 is an unknown value
R10=0x0000000000000010 is an unknown value
R11=0x00007f7c700e0460: memcpy+0 in /lib/x86_64-linux-gnu/libc.so.6 at 0x00007f7c70025000
R12=0x0000000000000010 is an unknown value
R13=0x0000000000000059 is an unknown value
R14=0x00007f7c3c2ff9d0 is pointing into the stack for thread: 0x00007f7c680ca000
R15=0x00007f7c1c02c080 is an unknown value


Stack: [0x00007f7c3c201000,0x00007f7c3c302000],  sp=0x00007f7c3c2ff0d0,  free space=1016k
Native frames: (J=compiled Java code, j=interpreted, Vv=VM code, C=native code)
C  [libverify.so+0x6a62]  pop_stack+0x1c2
C  [libverify.so+0x7a15]  run_dataflow+0x1c5
C  [libverify.so+0x9d52]  verify_method+0xdb2
C  [libverify.so+0xac65]  VerifyClassForMajorVersion+0x635
V  [libjvm.so+0xaacdf1]  Verifier::inference_verify(instanceKlassHandle, char*, unsigned long, Thread*)+0x191
V  [libjvm.so+0xabf1e7]  Verifier::verify(instanceKlassHandle, Verifier::Mode, bool, Thread*)+0x257
V  [libjvm.so+0x6495b7]  InstanceKlass::link_class_impl(instanceKlassHandle, bool, Thread*)+0x377
V  [libjvm.so+0x6492c4]  InstanceKlass::link_class_impl(instanceKlassHandle, bool, Thread*)+0x84
V  [libjvm.so+0x64c2bf]  InstanceKlass::initialize_impl(instanceKlassHandle, Thread*)+0x6f
V  [libjvm.so+0x64c7b1]  InstanceKlass::initialize(Thread*)+0x41
V  [libjvm.so+0x71433b]  find_class_from_class_loader(JNIEnv_*, Symbol*, unsigned char, Handle, Handle, unsigned char, Thread*)+0x7b
V  [libjvm.so+0x71af01]  JVM_FindClassFromCaller+0x2e1
C  [libjava.so+0xe340]  Java_java_lang_Class_forName0+0x130
j  java.lang.Class.forName0(Ljava/lang/String;ZLjava/lang/ClassLoader;Ljava/lang/Class;)Ljava/lang/Class;+0
j  java.lang.Class.forName(Ljava/lang/String;)Ljava/lang/Class;+11
j  central_server.ConnectionThreads.authenticate()Z+18
j  central_server.ConnectionThreads.run()V+9
v  ~StubRoutines::call_stub
V  [libjvm.so+0x695ae6]  JavaCalls::call_helper(JavaValue*, methodHandle*, JavaCallArguments*, Thread*)+0x1056
V  [libjvm.so+0x695ff1]  JavaCalls::call_virtual(JavaValue*, KlassHandle, Symbol*, Symbol*, JavaCallArguments*, Thread*)+0x321
V  [libjvm.so+0x696497]  JavaCalls::call_virtual(JavaValue*, Handle, KlassHandle, Symbol*, Symbol*, Thread*)+0x47
V  [libjvm.so+0x731cb0]  thread_entry(JavaThread*, Thread*)+0xa0
V  [libjvm.so+0xa7eaa3]  JavaThread::thread_main_inner()+0x103
V  [libjvm.so+0xa7ebec]  JavaThread::run()+0x11c
V  [libjvm.so+0x92da28]  java_start(Thread*)+0x108
C  [libpthread.so.0+0x76db]  start_thread+0xdb

Java frames: (J=compiled Java code, j=interpreted, Vv=VM code)
j  java.lang.Class.forName0(Ljava/lang/String;ZLjava/lang/ClassLoader;Ljava/lang/Class;)Ljava/lang/Class;+0
j  java.lang.Class.forName(Ljava/lang/String;)Ljava/lang/Class;+11
j  central_server.ConnectionThreads.authenticate()Z+18
j  central_server.ConnectionThreads.run()V+9
v  ~StubRoutines::call_stub

---------------  P R O C E S S  ---------------

Java Threads: ( => current thread )
=>0x00007f7c680ca000 JavaThread "Thread-0" [_thread_in_native, id=10079, stack(0x00007f7c3c201000,0x00007f7c3c302000)]
  0x00007f7c680db800 JavaThread "Service Thread" daemon [_thread_blocked, id=8601, stack(0x00007f7c3f61b000,0x00007f7c3f71c000)]
  0x00007f7c680be800 JavaThread "C1 CompilerThread2" daemon [_thread_blocked, id=8600, stack(0x00007f7c3f71d000,0x00007f7c3f81d000)]
  0x00007f7c680bc800 JavaThread "C2 CompilerThread1" daemon [_thread_blocked, id=8599, stack(0x00007f7c3f81e000,0x00007f7c3f91e000)]
  0x00007f7c680b9800 JavaThread "C2 CompilerThread0" daemon [_thread_blocked, id=8598, stack(0x00007f7c3f91f000,0x00007f7c3fa1f000)]
  0x00007f7c680b8000 JavaThread "Signal Dispatcher" daemon [_thread_blocked, id=8597, stack(0x00007f7c3fa1f000,0x00007f7c3fb20000)]
  0x00007f7c68085800 JavaThread "Finalizer" daemon [_thread_blocked, id=8596, stack(0x00007f7c3fdfe000,0x00007f7c3feff000)]
  0x00007f7c68081000 JavaThread "Reference Handler" daemon [_thread_blocked, id=8595, stack(0x00007f7c3feff000,0x00007f7c40000000)]
  0x00007f7c6800b000 JavaThread "main" [_thread_in_native, id=8588, stack(0x00007f7c70b38000,0x00007f7c70c38000)]

Other Threads:
  0x00007f7c68079000 VMThread [stack: 0x00007f7c540e5000,0x00007f7c541e5000] [id=8594]
  0x00007f7c680e0800 WatcherThread [stack: 0x00007f7c3f51b000,0x00007f7c3f61b000] [id=8602]

VM state:not at safepoint (normal execution)

VM Mutex/Monitor currently owned by a thread: None

Heap:
 PSYoungGen      total 36864K, used 1904K [0x00000000d6e00000, 0x00000000d9700000, 0x0000000100000000)
  eden space 31744K, 6% used [0x00000000d6e00000,0x00000000d6fdc2c0,0x00000000d8d00000)
  from space 5120K, 0% used [0x00000000d9200000,0x00000000d9200000,0x00000000d9700000)
  to   space 5120K, 0% used [0x00000000d8d00000,0x00000000d8d00000,0x00000000d9200000)
 ParOldGen       total 84992K, used 0K [0x0000000084a00000, 0x0000000089d00000, 0x00000000d6e00000)
  object space 84992K, 0% used [0x0000000084a00000,0x0000000084a00000,0x0000000089d00000)
 Metaspace       used 2926K, capacity 4560K, committed 4864K, reserved 1056768K
  class space    used 318K, capacity 388K, committed 512K, reserved 1048576K

Card table byte_map: [0x00007f7c6d44d000,0x00007f7c6d829000] byte_map_base: 0x00007f7c6d028000

Marking Bits: (ParMarkBitMap*) 0x00007f7c6fff7920
 Begin Bits: [0x00007f7c55250000, 0x00007f7c57128000)
 End Bits:   [0x00007f7c57128000, 0x00007f7c59000000)

Polling page: 0x00007f7c70c73000

CodeCache: size=245760Kb used=1128Kb max_used=1128Kb free=244631Kb
 bounds [0x00007f7c59000000, 0x00007f7c59270000, 0x00007f7c68000000]
 total_blobs=270 nmethods=33 adapters=151
 compilation: enabled

Compilation events (10 events):
Event: 313.398 Thread 0x00007f7c680be800   28       3       java.lang.String::indexOf (7 bytes)
Event: 313.398 Thread 0x00007f7c680be800 nmethod 28 0x00007f7c59118890 code [0x00007f7c59118a00, 0x00007f7c59118c08]
Event: 313.400 Thread 0x00007f7c680be800   29       3       java.util.jar.Attributes$Name::isValid (32 bytes)
Event: 313.400 Thread 0x00007f7c680be800 nmethod 29 0x00007f7c59118c90 code [0x00007f7c59118e20, 0x00007f7c591192b0]
Event: 313.400 Thread 0x00007f7c680be800   30       3       java.util.jar.Attributes$Name::isAlpha (30 bytes)
Event: 313.401 Thread 0x00007f7c680be800 nmethod 30 0x00007f7c59119390 code [0x00007f7c59119500, 0x00007f7c59119730]
Event: 313.401 Thread 0x00007f7c680be800   31       3       sun.misc.ASCIICaseInsensitiveComparator::toLower (16 bytes)
Event: 313.401 Thread 0x00007f7c680be800 nmethod 31 0x00007f7c59119790 code [0x00007f7c59119900, 0x00007f7c59119b50]
Event: 313.401 Thread 0x00007f7c680be800   32       3       sun.misc.ASCIICaseInsensitiveComparator::isUpper (18 bytes)
Event: 313.401 Thread 0x00007f7c680be800 nmethod 32 0x00007f7c59119c10 code [0x00007f7c59119d80, 0x00007f7c59119f30]

GC Heap History (0 events):
No events

Deoptimization events (0 events):
No events

Classes redefined (0 events):
No events

Internal exceptions (10 events):
Event: 0.030 Thread 0x00007f7c6800b000 Exception <a 'java/lang/NoSuchMethodError': Method sun.misc.Unsafe.prefetchRead(Ljava/lang/Object;J)V name or signature does not match> (0x00000000d6e07f88) thrown at [/HUDSON/workspace/8-2-build-linux-amd64/jdk8u161/10277/hotspot/src/share/vm/prims/jni.c
Event: 313.396 Thread 0x00007f7c6800b000 Exception <a 'java/io/IOException'> (0x00000000d6e87a40) thrown at [/HUDSON/workspace/8-2-build-linux-amd64/jdk8u161/10277/hotspot/src/share/vm/prims/jni.cpp, line 709]
Event: 313.396 Thread 0x00007f7c6800b000 Exception <a 'java/io/IOException'> (0x00000000d6e87d58) thrown at [/HUDSON/workspace/8-2-build-linux-amd64/jdk8u161/10277/hotspot/src/share/vm/prims/jni.cpp, line 709]
Event: 313.396 Thread 0x00007f7c6800b000 Exception <a 'java/io/IOException'> (0x00000000d6e87fc0) thrown at [/HUDSON/workspace/8-2-build-linux-amd64/jdk8u161/10277/hotspot/src/share/vm/prims/jni.cpp, line 709]
Event: 313.398 Thread 0x00007f7c680ca000 Exception <a 'java/io/IOException'> (0x00000000d6f3d978) thrown at [/HUDSON/workspace/8-2-build-linux-amd64/jdk8u161/10277/hotspot/src/share/vm/prims/jni.cpp, line 709]
Event: 313.398 Thread 0x00007f7c680ca000 Exception <a 'java/io/IOException'> (0x00000000d6f3dc10) thrown at [/HUDSON/workspace/8-2-build-linux-amd64/jdk8u161/10277/hotspot/src/share/vm/prims/jni.cpp, line 709]
Event: 313.398 Thread 0x00007f7c680ca000 Exception <a 'java/io/IOException'> (0x00000000d6f3de78) thrown at [/HUDSON/workspace/8-2-build-linux-amd64/jdk8u161/10277/hotspot/src/share/vm/prims/jni.cpp, line 709]
Event: 313.398 Thread 0x00007f7c680ca000 Exception <a 'java/io/IOException'> (0x00000000d6f3e158) thrown at [/HUDSON/workspace/8-2-build-linux-amd64/jdk8u161/10277/hotspot/src/share/vm/prims/jni.cpp, line 709]
Event: 313.398 Thread 0x00007f7c680ca000 Exception <a 'java/io/IOException'> (0x00000000d6f3e3f0) thrown at [/HUDSON/workspace/8-2-build-linux-amd64/jdk8u161/10277/hotspot/src/share/vm/prims/jni.cpp, line 709]
Event: 313.398 Thread 0x00007f7c680ca000 Exception <a 'java/io/IOException'> (0x00000000d6f3e658) thrown at [/HUDSON/workspace/8-2-build-linux-amd64/jdk8u161/10277/hotspot/src/share/vm/prims/jni.cpp, line 709]

Events (10 events):
Event: 313.403 Executing VM operation: RevokeBias
Event: 313.403 Executing VM operation: RevokeBias done
Event: 313.403 Executing VM operation: RevokeBias
Event: 313.403 Executing VM operation: RevokeBias done
Event: 313.403 Executing VM operation: RevokeBias
Event: 313.403 Executing VM operation: RevokeBias done
Event: 313.403 Executing VM operation: RevokeBias
Event: 313.403 Executing VM operation: RevokeBias done
Event: 313.404 loading class java/io/UnsupportedEncodingException
Event: 313.404 loading class java/io/UnsupportedEncodingException done


Dynamic libraries:
00400000-00401000 r-xp 00000000 08:04 16911754                           /home/aayushshivam7/jdk1.8.0_161/bin/java
00600000-00601000 rw-p 00000000 08:04 16911754                           /home/aayushshivam7/jdk1.8.0_161/bin/java
00b2d000-00b4e000 rw-p 00000000 00:00 0                                  [heap]
84a00000-89d00000 rw-p 00000000 00:00 0 
89d00000-d6e00000 ---p 00000000 00:00 0 
d6e00000-d9700000 rw-p 00000000 00:00 0 
d9700000-100000000 ---p 00000000 00:00 0 
100000000-100080000 rw-p 00000000 00:00 0 
100080000-140000000 ---p 00000000 00:00 0 
7f7c17e68000-7f7c18000000 rw-p 00000000 00:00 0 
7f7c18000000-7f7c18021000 rw-p 00000000 00:00 0 
7f7c18021000-7f7c1c000000 ---p 00000000 00:00 0 
7f7c1c000000-7f7c1c043000 rw-p 00000000 00:00 0 
7f7c1c043000-7f7c20000000 ---p 00000000 00:00 0 
7f7c20000000-7f7c2005f000 rw-p 00000000 00:00 0 
7f7c2005f000-7f7c24000000 ---p 00000000 00:00 0 
7f7c24000000-7f7c24021000 rw-p 00000000 00:00 0 
7f7c24021000-7f7c28000000 ---p 00000000 00:00 0 
7f7c28000000-7f7c28036000 rw-p 00000000 00:00 0 
7f7c28036000-7f7c2c000000 ---p 00000000 00:00 0 
7f7c2c000000-7f7c2c06d000 rw-p 00000000 00:00 0 
7f7c2c06d000-7f7c30000000 ---p 00000000 00:00 0 
7f7c30000000-7f7c30021000 rw-p 00000000 00:00 0 
7f7c30021000-7f7c34000000 ---p 00000000 00:00 0 
7f7c34000000-7f7c34021000 rw-p 00000000 00:00 0 
7f7c34021000-7f7c38000000 ---p 00000000 00:00 0 
7f7c38000000-7f7c38021000 rw-p 00000000 00:00 0 
7f7c38021000-7f7c3c000000 ---p 00000000 00:00 0 
7f7c3c111000-7f7c3c201000 rw-p 00000000 00:00 0 
7f7c3c201000-7f7c3c204000 ---p 00000000 00:00 0 
7f7c3c204000-7f7c3f303000 rw-p 00000000 00:00 0 
7f7c3f303000-7f7c3f319000 r-xp 00000000 08:04 16911571                   /home/aayushshivam7/jdk1.8.0_161/jre/lib/amd64/libnet.so
7f7c3f319000-7f7c3f519000 ---p 00016000 08:04 16911571                   /home/aayushshivam7/jdk1.8.0_161/jre/lib/amd64/libnet.so
7f7c3f519000-7f7c3f51a000 rw-p 00016000 08:04 16911571                   /home/aayushshivam7/jdk1.8.0_161/jre/lib/amd64/libnet.so
7f7c3f51a000-7f7c3f51b000 ---p 00000000 00:00 0 
7f7c3f51b000-7f7c3f61b000 rw-p 00000000 00:00 0 
7f7c3f61b000-7f7c3f61e000 ---p 00000000 00:00 0 
7f7c3f61e000-7f7c3f71c000 rw-p 00000000 00:00 0 
7f7c3f71c000-7f7c3f71d000 ---p 00000000 00:00 0 
7f7c3f71d000-7f7c3f720000 ---p 00000000 00:00 0 
7f7c3f720000-7f7c3f81d000 rw-p 00000000 00:00 0 
7f7c3f81d000-7f7c3f81e000 ---p 00000000 00:00 0 
7f7c3f81e000-7f7c3f821000 ---p 00000000 00:00 0 
7f7c3f821000-7f7c3f91e000 rw-p 00000000 00:00 0 
7f7c3f91e000-7f7c3f91f000 ---p 00000000 00:00 0 
7f7c3f91f000-7f7c3f922000 ---p 00000000 00:00 0 
7f7c3f922000-7f7c3fa1f000 rw-p 00000000 00:00 0 
7f7c3fa1f000-7f7c3fa22000 ---p 00000000 00:00 0 
7f7c3fa22000-7f7c3fb20000 rw-p 00000000 00:00 0 
7f7c3fb20000-7f7c3fdfe000 r--p 00000000 08:04 3540588                    /usr/lib/locale/locale-archive
7f7c3fdfe000-7f7c3fe01000 ---p 00000000 00:00 0 
7f7c3fe01000-7f7c3feff000 rw-p 00000000 00:00 0 
7f7c3feff000-7f7c3ff02000 ---p 00000000 00:00 0 
7f7c3ff02000-7f7c40000000 rw-p 00000000 00:00 0 
7f7c40000000-7f7c40021000 rw-p 00000000 00:00 0 
7f7c40021000-7f7c44000000 ---p 00000000 00:00 0 
7f7c44000000-7f7c44021000 rw-p 00000000 00:00 0 
7f7c44021000-7f7c48000000 ---p 00000000 00:00 0 
7f7c48000000-7f7c48021000 rw-p 00000000 00:00 0 
7f7c48021000-7f7c4c000000 ---p 00000000 00:00 0 
7f7c4c000000-7f7c4c021000 rw-p 00000000 00:00 0 
7f7c4c021000-7f7c50000000 ---p 00000000 00:00 0 
7f7c50000000-7f7c50021000 rw-p 00000000 00:00 0 
7f7c50021000-7f7c54000000 ---p 00000000 00:00 0 
7f7c5404e000-7f7c540e4000 r--s 01102000 08:04 16911446                   /home/aayushshivam7/jdk1.8.0_161/jre/lib/ext/jfxrt.jar
7f7c540e4000-7f7c540e5000 ---p 00000000 00:00 0 
7f7c540e5000-7f7c55077000 rw-p 00000000 00:00 0 
7f7c55077000-7f7c55250000 r--s 03d64000 08:04 16911702                   /home/aayushshivam7/jdk1.8.0_161/jre/lib/rt.jar
7f7c55250000-7f7c59000000 rw-p 00000000 00:00 0 
7f7c59000000-7f7c59270000 rwxp 00000000 00:00 0 
7f7c59270000-7f7c68000000 ---p 00000000 00:00 0 
7f7c68000000-7f7c68131000 rw-p 00000000 00:00 0 
7f7c68131000-7f7c6c000000 ---p 00000000 00:00 0 
7f7c6c016000-7f7c6c61c000 rw-p 00000000 00:00 0 
7f7c6c61c000-7f7c6c9dc000 ---p 00000000 00:00 0 
7f7c6c9dc000-7f7c6cdb7000 rw-p 00000000 00:00 0 
7f7c6cdb7000-7f7c6cdb8000 ---p 00000000 00:00 0 
7f7c6cdb8000-7f7c6ceb8000 rw-p 00000000 00:00 0 
7f7c6ceb8000-7f7c6ceb9000 ---p 00000000 00:00 0 
7f7c6ceb9000-7f7c6cfb9000 rw-p 00000000 00:00 0 
7f7c6cfb9000-7f7c6cfba000 ---p 00000000 00:00 0 
7f7c6cfba000-7f7c6d0ba000 rw-p 00000000 00:00 0 
7f7c6d0ba000-7f7c6d0bb000 ---p 00000000 00:00 0 
7f7c6d0bb000-7f7c6d1e5000 rw-p 00000000 00:00 0 
7f7c6d1e5000-7f7c6d44d000 ---p 00000000 00:00 0 
7f7c6d44d000-7f7c6d477000 rw-p 00000000 00:00 0 
7f7c6d477000-7f7c6d6df000 ---p 00000000 00:00 0 
7f7c6d6df000-7f7c6d6f4000 rw-p 00000000 00:00 0 
7f7c6d6f4000-7f7c6d828000 ---p 00000000 00:00 0 
7f7c6d828000-7f7c6d833000 rw-p 00000000 00:00 0 
7f7c6d833000-7f7c6dbe9000 ---p 00000000 00:00 0 
7f7c6dbe9000-7f7c6dc04000 r-xp 00000000 08:04 16911569                   /home/aayushshivam7/jdk1.8.0_161/jre/lib/amd64/libzip.so
7f7c6dc04000-7f7c6de04000 ---p 0001b000 08:04 16911569                   /home/aayushshivam7/jdk1.8.0_161/jre/lib/amd64/libzip.so
7f7c6de04000-7f7c6de05000 rw-p 0001b000 08:04 16911569                   /home/aayushshivam7/jdk1.8.0_161/jre/lib/amd64/libzip.so
7f7c6de05000-7f7c6de10000 r-xp 00000000 08:04 11803153                   /lib/x86_64-linux-gnu/libnss_files-2.27.so
7f7c6de10000-7f7c6e00f000 ---p 0000b000 08:04 11803153                   /lib/x86_64-linux-gnu/libnss_files-2.27.so
7f7c6e00f000-7f7c6e010000 r--p 0000a000 08:04 11803153                   /lib/x86_64-linux-gnu/libnss_files-2.27.so
7f7c6e010000-7f7c6e011000 rw-p 0000b000 08:04 11803153                   /lib/x86_64-linux-gnu/libnss_files-2.27.so
7f7c6e011000-7f7c6e017000 rw-p 00000000 00:00 0 
7f7c6e017000-7f7c6e02e000 r-xp 00000000 08:04 11803150                   /lib/x86_64-linux-gnu/libnsl-2.27.so
7f7c6e02e000-7f7c6e22d000 ---p 00017000 08:04 11803150                   /lib/x86_64-linux-gnu/libnsl-2.27.so
7f7c6e22d000-7f7c6e22e000 r--p 00016000 08:04 11803150                   /lib/x86_64-linux-gnu/libnsl-2.27.so
7f7c6e22e000-7f7c6e22f000 rw-p 00017000 08:04 11803150                   /lib/x86_64-linux-gnu/libnsl-2.27.so
7f7c6e22f000-7f7c6e231000 rw-p 00000000 00:00 0 
7f7c6e231000-7f7c6e23c000 r-xp 00000000 08:04 11803155                   /lib/x86_64-linux-gnu/libnss_nis-2.27.so
7f7c6e23c000-7f7c6e43b000 ---p 0000b000 08:04 11803155                   /lib/x86_64-linux-gnu/libnss_nis-2.27.so
7f7c6e43b000-7f7c6e43c000 r--p 0000a000 08:04 11803155                   /lib/x86_64-linux-gnu/libnss_nis-2.27.so
7f7c6e43c000-7f7c6e43d000 rw-p 0000b000 08:04 11803155                   /lib/x86_64-linux-gnu/libnss_nis-2.27.so
7f7c6e43d000-7f7c6e445000 r-xp 00000000 08:04 11803151                   /lib/x86_64-linux-gnu/libnss_compat-2.27.so
7f7c6e445000-7f7c6e645000 ---p 00008000 08:04 11803151                   /lib/x86_64-linux-gnu/libnss_compat-2.27.so
7f7c6e645000-7f7c6e646000 r--p 00008000 08:04 11803151                   /lib/x86_64-linux-gnu/libnss_compat-2.27.so
7f7c6e646000-7f7c6e647000 rw-p 00009000 08:04 11803151                   /lib/x86_64-linux-gnu/libnss_compat-2.27.so
7f7c6e647000-7f7c6e672000 r-xp 00000000 08:04 16911543                   /home/aayushshivam7/jdk1.8.0_161/jre/lib/amd64/libjava.so
7f7c6e672000-7f7c6e871000 ---p 0002b000 08:04 16911543                   /home/aayushshivam7/jdk1.8.0_161/jre/lib/amd64/libjava.so
7f7c6e871000-7f7c6e873000 rw-p 0002a000 08:04 16911543                   /home/aayushshivam7/jdk1.8.0_161/jre/lib/amd64/libjava.so
7f7c6e873000-7f7c6e880000 r-xp 00000000 08:04 16911506                   /home/aayushshivam7/jdk1.8.0_161/jre/lib/amd64/libverify.so
7f7c6e880000-7f7c6ea80000 ---p 0000d000 08:04 16911506                   /home/aayushshivam7/jdk1.8.0_161/jre/lib/amd64/libverify.so
7f7c6ea80000-7f7c6ea82000 rw-p 0000d000 08:04 16911506                   /home/aayushshivam7/jdk1.8.0_161/jre/lib/amd64/libverify.so
7f7c6ea82000-7f7c6ea89000 r-xp 00000000 08:04 11803160                   /lib/x86_64-linux-gnu/librt-2.27.so
7f7c6ea89000-7f7c6ec88000 ---p 00007000 08:04 11803160                   /lib/x86_64-linux-gnu/librt-2.27.so
7f7c6ec88000-7f7c6ec89000 r--p 00006000 08:04 11803160                   /lib/x86_64-linux-gnu/librt-2.27.so
7f7c6ec89000-7f7c6ec8a000 rw-p 00007000 08:04 11803160                   /lib/x86_64-linux-gnu/librt-2.27.so
7f7c6ec8a000-7f7c6ee27000 r-xp 00000000 08:04 11803147                   /lib/x86_64-linux-gnu/libm-2.27.so
7f7c6ee27000-7f7c6f026000 ---p 0019d000 08:04 11803147                   /lib/x86_64-linux-gnu/libm-2.27.so
7f7c6f026000-7f7c6f027000 r--p 0019c000 08:04 11803147                   /lib/x86_64-linux-gnu/libm-2.27.so
7f7c6f027000-7f7c6f028000 rw-p 0019d000 08:04 11803147                   /lib/x86_64-linux-gnu/libm-2.27.so
7f7c6f028000-7f7c6fd01000 r-xp 00000000 08:04 16911424                   /home/aayushshivam7/jdk1.8.0_161/jre/lib/amd64/server/libjvm.so
7f7c6fd01000-7f7c6ff00000 ---p 00cd9000 08:04 16911424                   /home/aayushshivam7/jdk1.8.0_161/jre/lib/amd64/server/libjvm.so
7f7c6ff00000-7f7c6ffd9000 rw-p 00cd8000 08:04 16911424                   /home/aayushshivam7/jdk1.8.0_161/jre/lib/amd64/server/libjvm.so
7f7c6ffd9000-7f7c70025000 rw-p 00000000 00:00 0 
7f7c70025000-7f7c7020c000 r-xp 00000000 08:04 11803143                   /lib/x86_64-linux-gnu/libc-2.27.so
7f7c7020c000-7f7c7040c000 ---p 001e7000 08:04 11803143                   /lib/x86_64-linux-gnu/libc-2.27.so
7f7c7040c000-7f7c70410000 r--p 001e7000 08:04 11803143                   /lib/x86_64-linux-gnu/libc-2.27.so
7f7c70410000-7f7c70412000 rw-p 001eb000 08:04 11803143                   /lib/x86_64-linux-gnu/libc-2.27.so
7f7c70412000-7f7c70416000 rw-p 00000000 00:00 0 
7f7c70416000-7f7c70419000 r-xp 00000000 08:04 11803146                   /lib/x86_64-linux-gnu/libdl-2.27.so
7f7c70419000-7f7c70618000 ---p 00003000 08:04 11803146                   /lib/x86_64-linux-gnu/libdl-2.27.so
7f7c70618000-7f7c70619000 r--p 00002000 08:04 11803146                   /lib/x86_64-linux-gnu/libdl-2.27.so
7f7c70619000-7f7c7061a000 rw-p 00003000 08:04 11803146                   /lib/x86_64-linux-gnu/libdl-2.27.so
7f7c7061a000-7f7c70630000 r-xp 00000000 08:04 16911578                   /home/aayushshivam7/jdk1.8.0_161/lib/amd64/jli/libjli.so
7f7c70630000-7f7c7082f000 ---p 00016000 08:04 16911578                   /home/aayushshivam7/jdk1.8.0_161/lib/amd64/jli/libjli.so
7f7c7082f000-7f7c70830000 rw-p 00015000 08:04 16911578                   /home/aayushshivam7/jdk1.8.0_161/lib/amd64/jli/libjli.so
7f7c70830000-7f7c7084a000 r-xp 00000000 08:04 11803158                   /lib/x86_64-linux-gnu/libpthread-2.27.so
7f7c7084a000-7f7c70a49000 ---p 0001a000 08:04 11803158                   /lib/x86_64-linux-gnu/libpthread-2.27.so
7f7c70a49000-7f7c70a4a000 r--p 00019000 08:04 11803158                   /lib/x86_64-linux-gnu/libpthread-2.27.so
7f7c70a4a000-7f7c70a4b000 rw-p 0001a000 08:04 11803158                   /lib/x86_64-linux-gnu/libpthread-2.27.so
7f7c70a4b000-7f7c70a4f000 rw-p 00000000 00:00 0 
7f7c70a4f000-7f7c70a76000 r-xp 00000000 08:04 11801059                   /lib/x86_64-linux-gnu/ld-2.27.so
7f7c70a89000-7f7c70a93000 r--s 000eb000 08:04 15995302                   /home/aayushshivam7/Desktop/mysql-connector-java-5.1.44/mysql-connector-java-5.1.44-bin.jar
7f7c70a93000-7f7c70b37000 rw-p 00000000 00:00 0 
7f7c70b37000-7f7c70b38000 ---p 00000000 00:00 0 
7f7c70b38000-7f7c70b3b000 ---p 00000000 00:00 0 
7f7c70b3b000-7f7c70c3a000 rw-p 00000000 00:00 0 
7f7c70c43000-7f7c70c6a000 rw-p 00000000 00:00 0 
7f7c70c6a000-7f7c70c72000 rw-s 00000000 08:04 6819123                    /tmp/hsperfdata_aayushshivam7/8584
7f7c70c72000-7f7c70c73000 rw-p 00000000 00:00 0 
7f7c70c73000-7f7c70c74000 r--p 00000000 00:00 0 
7f7c70c74000-7f7c70c76000 rw-p 00000000 00:00 0 
7f7c70c76000-7f7c70c77000 r--p 00027000 08:04 11801059                   /lib/x86_64-linux-gnu/ld-2.27.so
7f7c70c77000-7f7c70c78000 rw-p 00028000 08:04 11801059                   /lib/x86_64-linux-gnu/ld-2.27.so
7f7c70c78000-7f7c70c79000 rw-p 00000000 00:00 0 
7ffd30d2d000-7ffd30d4e000 rw-p 00000000 00:00 0                          [stack]
7ffd30d69000-7ffd30d6c000 r--p 00000000 00:00 0                          [vvar]
7ffd30d6c000-7ffd30d6e000 r-xp 00000000 00:00 0                          [vdso]
ffffffffff600000-ffffffffff601000 r-xp 00000000 00:00 0                  [vsyscall]

VM Arguments:
jvm_args: -Dfile.encoding=UTF-8 
java_command: central_server.Central_Server
java_class_path (initial): /home/aayushshivam7/Desktop/mysql-connector-java-5.1.44/mysql-connector-java-5.1.44-bin.jar:/home/aayushshivam7/NetBeansProjects/Central_Server/build/classes
Launcher Type: SUN_STANDARD

Environment Variables:
PATH=/home/aayushshivam7/bin:/home/aayushshivam7/.local/bin:/usr/local/sbin:/usr/local/bin:/usr/sbin:/usr/bin:/sbin:/bin:/usr/games:/usr/local/games:/snap/bin
USERNAME=aayushshivam7
LD_LIBRARY_PATH=/home/aayushshivam7/jdk1.8.0_161/jre/lib/amd64:/home/aayushshivam7/jdk1.8.0_161/jre/lib/i386:
SHELL=/bin/bash
DISPLAY=:0

Signal Handlers:
SIGSEGV: [libjvm.so+0xad01e0], sa_mask[0]=11111111011111111101111111111110, sa_flags=SA_RESTART|SA_SIGINFO
SIGBUS: [libjvm.so+0xad01e0], sa_mask[0]=11111111011111111101111111111110, sa_flags=SA_RESTART|SA_SIGINFO
SIGFPE: [libjvm.so+0x927fb0], sa_mask[0]=11111111011111111101111111111110, sa_flags=SA_RESTART|SA_SIGINFO
SIGPIPE: [libjvm.so+0x927fb0], sa_mask[0]=11111111011111111101111111111110, sa_flags=SA_RESTART|SA_SIGINFO
SIGXFSZ: [libjvm.so+0x927fb0], sa_mask[0]=11111111011111111101111111111110, sa_flags=SA_RESTART|SA_SIGINFO
SIGILL: [libjvm.so+0x927fb0], sa_mask[0]=11111111011111111101111111111110, sa_flags=SA_RESTART|SA_SIGINFO
SIGUSR1: SIG_DFL, sa_mask[0]=00000000000000000000000000000000, sa_flags=none
SIGUSR2: [libjvm.so+0x9297f0], sa_mask[0]=00100000000000000000000000000000, sa_flags=SA_RESTART|SA_SIGINFO
SIGHUP: [libjvm.so+0x92abf0], sa_mask[0]=11111111011111111101111111111110, sa_flags=SA_RESTART|SA_SIGINFO
SIGINT: SIG_IGN, sa_mask[0]=00000000000000000000000000000000, sa_flags=none
SIGTERM: [libjvm.so+0x92abf0], sa_mask[0]=11111111011111111101111111111110, sa_flags=SA_RESTART|SA_SIGINFO
SIGQUIT: [libjvm.so+0x92abf0], sa_mask[0]=11111111011111111101111111111110, sa_flags=SA_RESTART|SA_SIGINFO


---------------  S Y S T E M  ---------------

OS:DISTRIB_ID=Ubuntu
DISTRIB_RELEASE=18.04
DISTRIB_CODENAME=bionic
DISTRIB_DESCRIPTION="Ubuntu 18.04.1 LTS"

uname:Linux 4.15.0-34-generic #37-Ubuntu SMP Mon Aug 27 15:21:48 UTC 2018 x86_64
libc:glibc 2.27 NPTL 2.27 
rlimit: STACK 8192k, CORE 0k, NPROC 31340, NOFILE 1048576, AS infinity
load average:1.64 1.40 1.21

/proc/meminfo:
MemTotal:        8083860 kB
MemFree:         2615328 kB
MemAvailable:    4028588 kB
Buffers:          143540 kB
Cached:          2008532 kB
SwapCached:            0 kB
Active:          3629820 kB
Inactive:        1478728 kB
Active(anon):    2958240 kB
Inactive(anon):   556156 kB
Active(file):     671580 kB
Inactive(file):   922572 kB
Unevictable:         320 kB
Mlocked:             320 kB
SwapTotal:             0 kB
SwapFree:              0 kB
Dirty:               788 kB
Writeback:             0 kB
AnonPages:       2956720 kB
Mapped:           689956 kB
Shmem:            557924 kB
Slab:             156748 kB
SReclaimable:      89052 kB
SUnreclaim:        67696 kB
KernelStack:       16268 kB
PageTables:        82492 kB
NFS_Unstable:          0 kB
Bounce:                0 kB
WritebackTmp:          0 kB
CommitLimit:     4041928 kB
Committed_AS:   12593500 kB
VmallocTotal:   34359738367 kB
VmallocUsed:           0 kB
VmallocChunk:          0 kB
HardwareCorrupted:     0 kB
AnonHugePages:         0 kB
ShmemHugePages:        0 kB
ShmemPmdMapped:        0 kB
CmaTotal:              0 kB
CmaFree:               0 kB
HugePages_Total:       0
HugePages_Free:        0
HugePages_Rsvd:        0
HugePages_Surp:        0
Hugepagesize:       2048 kB
DirectMap4k:      251192 kB
DirectMap2M:     8052736 kB
DirectMap1G:           0 kB


CPU:total 4 (initial active 4) (2 cores per cpu, 2 threads per core) family 6 model 142 stepping 9, cmov, cx8, fxsr, mmx, sse, sse2, sse3, ssse3, sse4.1, sse4.2, popcnt, avx, avx2, aes, clmul, erms, 3dnowpref, lzcnt, ht, tsc, tscinvbit, bmi1, bmi2, adx

/proc/cpuinfo:
processor	: 0
vendor_id	: GenuineIntel
cpu family	: 6
model		: 142
model name	: Intel(R) Core(TM) i5-7200U CPU @ 2.50GHz
stepping	: 9
microcode	: 0x8e
cpu MHz		: 3099.998
cache size	: 3072 KB
physical id	: 0
siblings	: 4
core id		: 0
cpu cores	: 2
apicid		: 0
initial apicid	: 0
fpu		: yes
fpu_exception	: yes
cpuid level	: 22
wp		: yes
flags		: fpu vme de pse tsc msr pae mce cx8 apic sep mtrr pge mca cmov pat pse36 clflush dts acpi mmx fxsr sse sse2 ss ht tm pbe syscall nx pdpe1gb rdtscp lm constant_tsc art arch_perfmon pebs bts rep_good nopl xtopology nonstop_tsc cpuid aperfmperf tsc_known_freq pni pclmulqdq dtes64 monitor ds_cpl vmx est tm2 ssse3 sdbg fma cx16 xtpr pdcm pcid sse4_1 sse4_2 x2apic movbe popcnt tsc_deadline_timer aes xsave avx f16c rdrand lahf_lm abm 3dnowprefetch cpuid_fault epb invpcid_single pti ssbd ibrs ibpb stibp tpr_shadow vnmi flexpriority ept vpid fsgsbase tsc_adjust bmi1 avx2 smep bmi2 erms invpcid mpx rdseed adx smap clflushopt intel_pt xsaveopt xsavec xgetbv1 xsaves dtherm ida arat pln pts hwp hwp_notify hwp_act_window hwp_epp flush_l1d
bugs		: cpu_meltdown spectre_v1 spectre_v2 spec_store_bypass l1tf
bogomips	: 5424.00
clflush size	: 64
cache_alignment	: 64
address sizes	: 39 bits physical, 48 bits virtual
power management:

processor	: 1
vendor_id	: GenuineIntel
cpu family	: 6
model		: 142
model name	: Intel(R) Core(TM) i5-7200U CPU @ 2.50GHz
stepping	: 9
microcode	: 0x8e
cpu MHz		: 3100.001
cache size	: 3072 KB
physical id	: 0
siblings	: 4
core id		: 1
cpu cores	: 2
apicid		: 2
initial apicid	: 2
fpu		: yes
fpu_exception	: yes
cpuid level	: 22
wp		: yes
flags		: fpu vme de pse tsc msr pae mce cx8 apic sep mtrr pge mca cmov pat pse36 clflush dts acpi mmx fxsr sse sse2 ss ht tm pbe syscall nx pdpe1gb rdtscp lm constant_tsc art arch_perfmon pebs bts rep_good nopl xtopology nonstop_tsc cpuid aperfmperf tsc_known_freq pni pclmulqdq dtes64 monitor ds_cpl vmx est tm2 ssse3 sdbg fma cx16 xtpr pdcm pcid sse4_1 sse4_2 x2apic movbe popcnt tsc_deadline_timer aes xsave avx f16c rdrand lahf_lm abm 3dnowprefetch cpuid_fault epb invpcid_single pti tpr_shadow vnmi flexpriority ept vpid fsgsbase tsc_adjust bmi1 avx2 smep bmi2 erms invpcid mpx rdseed adx smap clflushopt intel_pt xsaveopt xsavec xgetbv1 xsaves dtherm ida arat pln pts hwp hwp_notify hwp_act_window hwp_epp
bugs		: cpu_meltdown spectre_v1 spectre_v2 spec_store_bypass l1tf
bogomips	: 5424.00
clflush size	: 64
cache_alignment	: 64
address sizes	: 39 bits physical, 48 bits virtual
power management:

processor	: 2
vendor_id	: GenuineIntel
cpu family	: 6
model		: 142
model name	: Intel(R) Core(TM) i5-7200U CPU @ 2.50GHz
stepping	: 9
microcode	: 0x8e
cpu MHz		: 3099.999
cache size	: 3072 KB
physical id	: 0
siblings	: 4
core id		: 0
cpu cores	: 2
apicid		: 1
initial apicid	: 1
fpu		: yes
fpu_exception	: yes
cpuid level	: 22
wp		: yes
flags		: fpu vme de pse tsc msr pae mce cx8 apic sep mtrr pge mca cmov pat pse36 clflush dts acpi mmx fxsr sse sse2 ss ht tm pbe syscall nx pdpe1gb rdtscp lm constant_tsc art arch_perfmon pebs bts rep_good nopl xtopology nonstop_tsc cpuid aperfmperf tsc_known_freq pni pclmulqdq dtes64 monitor ds_cpl vmx est tm2 ssse3 sdbg fma cx16 xtpr pdcm pcid sse4_1 sse4_2 x2apic movbe popcnt tsc_deadline_timer aes xsave avx f16c rdrand lahf_lm abm 3dnowprefetch cpuid_fault epb invpcid_single pti ssbd ibrs ibpb stibp tpr_shadow vnmi flexpriority ept vpid fsgsbase tsc_adjust bmi1 avx2 smep bmi2 erms invpcid mpx rdseed adx smap clflushopt intel_pt xsaveopt xsavec xgetbv1 xsaves dtherm ida arat pln pts hwp hwp_notify hwp_act_window hwp_epp flush_l1d
bugs		: cpu_meltdown spectre_v1 spectre_v2 spec_store_bypass l1tf
bogomips	: 5424.00
clflush size	: 64
cache_alignment	: 64
address sizes	: 39 bits physical, 48 bits virtual
power management:

processor	: 3
vendor_id	: GenuineIntel
cpu family	: 6
model		: 142
model name	: Intel(R) Core(TM) i5-7200U CPU @ 2.50GHz
stepping	: 9
microcode	: 0x8e
cpu MHz		: 3100.000
cache size	: 3072 KB
physical id	: 0
siblings	: 4
core id		: 1
cpu cores	: 2
apicid		: 3
initial apicid	: 3
fpu		: yes
fpu_exception	: yes
cpuid level	: 22
wp		: yes
flags		: fpu vme de pse tsc msr pae mce cx8 apic sep mtrr pge mca cmov pat pse36 clflush dts acpi mmx fxsr sse sse2 ss ht tm pbe syscall nx pdpe1gb rdtscp lm constant_tsc art arch_perfmon pebs bts rep_good nopl xtopology nonstop_tsc cpuid aperfmperf tsc_known_freq pni pclmulqdq dtes64 monitor ds_cpl vmx est tm2 ssse3 sdbg fma cx16 xtpr pdcm pcid sse4_1 sse4_2 x2apic movbe popcnt tsc_deadline_timer aes xsave avx f16c rdrand lahf_lm abm 3dnowprefetch cpuid_fault epb invpcid_single pti ssbd ibrs ibpb stibp tpr_shadow vnmi flexpriority ept vpid fsgsbase tsc_adjust bmi1 avx2 smep bmi2 erms invpcid mpx rdseed adx smap clflushopt intel_pt xsaveopt xsavec xgetbv1 xsaves dtherm ida arat pln pts hwp hwp_notify hwp_act_window hwp_epp flush_l1d
bugs		: cpu_meltdown spectre_v1 spectre_v2 spec_store_bypass l1tf
bogomips	: 5424.00
clflush size	: 64
cache_alignment	: 64
address sizes	: 39 bits physical, 48 bits virtual
power management:



Memory: 4k page, physical 8083860k(2615080k free), swap 0k(0k free)

vm_info: Java HotSpot(TM) 64-Bit Server VM (25.161-b12) for linux-amd64 JRE (1.8.0_161-b12), built on Dec 19 2017 16:12:43 by "java_re" with gcc 4.3.0 20080428 (Red Hat 4.3.0-8)

time: Tue Sep 18 04:33:24 2018
elapsed time: 313 seconds (0d 0h 5m 13s)

